T5288 059:205.252   SEGGER J-Link V7.94b Log File
T5288 059:205.395   DLL Compiled: Dec 13 2023 16:59:46
T5288 059:205.448   Logging started @ 2023-12-19 04:46
T5288 059:205.497   Process: C:\Program Files (x86)\Atmel\Studio\7.0\atbackend\atbackend.exe
T5288 059:205.547 - 4547.456ms
T5288 059:315.572 JLINK_ExecCommand("Device = ATSAMD21G18A", ...). 
T5288 059:315.853   Device "ATSAMD21G18A" selected.
T5288 059:316.134 - 0.518ms returns 0x00
T5288 059:323.470 JLINK_TIF_Select(JLINKARM_TIF_SWD)
T5288 059:325.182 - 1.712ms returns 0x00
T5288 059:325.216 JLINK_SetSpeed(4000)
T5288 059:325.538 - 0.322ms
T5288 059:325.571 JLINK_ResetPullsRESET(OFF)
T5288 059:325.588 - 0.017ms
T5288 059:325.607 JLINK_Connect()
T5288 059:326.134   InitTarget() start
T5288 059:331.935    J-Link Script File: Executing InitTarget()
T5288 059:331.966   InitTarget()
T5288 059:336.368   InitTarget() end - Took 4.41ms
T5288 059:337.700   Found SW-DP with ID 0x0BC11477
T5288 059:341.946   DPIDR: 0x0BC11477
T5288 059:341.968   CoreSight SoC-400 or earlier
T5288 059:341.985   Scanning AP map to find all available APs
T5288 059:343.111   AP[1]: Stopped AP scan as end of AP map has been reached
T5288 059:343.133   AP[0]: AHB-AP (IDR: 0x04770031)
T5288 059:343.148   Iterating through AP map to find AHB-AP to use
T5288 059:344.465   AP[0]: Core found
T5288 059:344.487   AP[0]: AHB-AP ROM base: 0x41003000
T5288 059:345.160   CPUID register: 0x410CC601. Implementer code: 0x41 (ARM)
T5288 059:345.182   Found Cortex-M0 r0p1, Little endian.
T5288 059:346.137   -- Max. mem block: 0x00002BA8
T5288 059:346.982   Cortex-M: The connected J-Link (S/N 801048352) uses an old firmware module: V1 (current is 2)
T5288 059:346.999   CPU_ReadMem(4 bytes @ 0xE000EDF0)
T5288 059:347.485   CPU_WriteMem(4 bytes @ 0xE000EDF0)
T5288 059:348.034   CPU_ReadMem(4 bytes @ 0xE0002000)
T5288 059:348.597   FPUnit: 4 code (BP) slots and 0 literal slots
T5288 059:348.610   CPU_ReadMem(4 bytes @ 0xE000EDFC)
T5288 059:349.181   CPU_WriteMem(4 bytes @ 0xE000EDFC)
T5288 059:349.843   CPU_ReadMem(4 bytes @ 0xE0001000)
T5288 059:350.440   CPU_WriteMem(4 bytes @ 0xE0001000)
T5288 059:351.074   CoreSight components:
T5288 059:351.093   ROMTbl[0] @ 41003000
T5288 059:351.103   CPU_ReadMem(64 bytes @ 0x41003000)
T5288 059:352.192   CPU_ReadMem(32 bytes @ 0xE00FFFE0)
T5288 059:352.885   [0][0]: E00FF000 CID B105100D PID 000BB4C0 ROM Table
T5288 059:352.903   ROMTbl[1] @ E00FF000
T5288 059:352.913   CPU_ReadMem(64 bytes @ 0xE00FF000)
T5288 059:353.820   CPU_ReadMem(32 bytes @ 0xE000EFE0)
T5288 059:354.580   [1][0]: E000E000 CID B105E00D PID 000BB008 SCS
T5288 059:354.592   CPU_ReadMem(32 bytes @ 0xE0001FE0)
T5288 059:355.306   [1][1]: E0001000 CID B105E00D PID 000BB00A DWT
T5288 059:355.318   CPU_ReadMem(32 bytes @ 0xE0002FE0)
T5288 059:356.098   [1][2]: E0002000 CID B105E00D PID 000BB00B FPB
T5288 059:356.110   CPU_ReadMem(32 bytes @ 0x41006FE0)
T5288 059:356.827   [0][1]: 41006000 CID B105900D PID 001BB932 MTB-M0+
T5288 059:356.842 - 31.235ms returns 0x00
T5288 059:356.877 JLINK_ExecCommand("ExcludeFlashCacheRange 0x0 - 0x40000", ...). 
T5288 059:356.888 - 0.001ms returns 0x00
T5288 059:356.941 JLINK_Halt()
T5288 059:360.203 - 3.262ms returns 0x00
T5288 059:361.144 JLINK_JTAG_GetDeviceID(DeviceIndex = 0)
T5288 059:361.155 - 0.011ms returns 0
T5288 059:361.163 JLINK_ReadMemU32(0x41002018, 0x1 Items)
T5288 059:361.177   CPU_ReadMem(4 bytes @ 0x41002018)
T5288 059:361.722   Data:  05 03 01 10
T5288 059:361.739 - 0.575ms returns 1 (0x1)
T57E8 059:371.600 JLINK_IsHalted()
T57E8 059:372.281 - 0.680ms returns TRUE
T57E8 059:372.297 JLINK_GetMOEs(...)
T57E8 059:372.308   CPU_ReadMem(4 bytes @ 0xE000ED30)
T57E8 059:372.891 - 0.593ms returns 0x01
T57E8 059:372.903 JLINK_ReadReg(R15 (PC))
T57E8 059:372.914 - 0.011ms returns 0x0000C7A8
T5288 059:467.977 JLINK_BeginDownload(Flags = 0x00000000)
T5288 059:468.001 - 0.023ms
T5288 059:468.018 JLINK_WriteMem(0x00000000, 0x2B2C0 Bytes, ...)
T5288 059:468.025   Data:  C8 78 00 20 75 A7 01 00 6D A8 01 00 6D A8 01 00 ...
T5288 059:468.419   completely In flash
T5288 059:468.448 - 0.430ms returns 0x2B2C0
T5288 059:468.603 JLINK_WriteMem(0x0002B2C0, 0x2AC Bytes, ...)
T5288 059:468.617   Data:  00 00 00 00 0C 00 00 00 00 00 00 00 00 00 00 00 ...
T5288 059:468.638   completely In flash
T5288 059:468.652 - 0.049ms returns 0x2AC
T57E8 059:573.098 JLINK_IsHalted()
T57E8 059:573.154 - 0.056ms returns TRUE
T5288 059:574.308 JLINK_EndDownload()
T5288 059:574.941   CPU_ReadMem(4 bytes @ 0x41006004)
T5288 059:575.755   CPU_ReadMem(4 bytes @ 0xE000ED90)
T5288 059:576.608    -- --------------------------------------
T5288 059:576.664    -- Flash bank @ 0x00000000: Default: L2 verify disabled because algorithm performs L1 verify
T5288 059:576.695    -- Start of determining dirty areas in flash cache
T5288 059:576.728    -- Filling invalid ranges in sector buffer (flash cache) for sector @ 0x00000000 if necessary
T5288 059:576.760    -- Filling invalid ranges in sector buffer (flash cache) for sector @ 0x00000100 if necessary
T5288 059:576.791    -- Filling invalid ranges in sector buffer (flash cache) for sector @ 0x00000200 if necessary
T5288 059:576.821    -- Filling invalid ranges in sector buffer (flash cache) for sector @ 0x00000300 if necessary
T5288 059:576.852    -- Filling invalid ranges in sector buffer (flash cache) for sector @ 0x00000400 if necessary
T5288 059:576.896    -- Filling invalid ranges in sector buffer (flash cache) for sector @ 0x00000500 if necessary
T5288 059:576.927    -- Filling invalid ranges in sector buffer (flash cache) for sector @ 0x00000600 if necessary
T5288 059:576.957    -- Filling invalid ranges in sector buffer (flash cache) for sector @ 0x00000700 if necessary
T5288 059:576.987    -- Filling invalid ranges in sector buffer (flash cache) for sector @ 0x00000800 if necessary
T5288 059:577.018    -- Filling invalid ranges in sector buffer (flash cache) for sector @ 0x00000900 if necessary
T5288 059:577.051    -- Filling invalid ranges in sector buffer (flash cache) for sector @ 0x00000A00 if necessary
T5288 059:577.082    -- Filling invalid ranges in sector buffer (flash cache) for sector @ 0x00000B00 if necessary
T5288 059:577.112    -- Filling invalid ranges in sector buffer (flash cache) for sector @ 0x00000C00 if necessary
T5288 059:577.143    -- Filling invalid ranges in sector buffer (flash cache) for sector @ 0x00000D00 if necessary
T5288 059:577.193    -- Filling invalid ranges in sector buffer (flash cache) for sector @ 0x00000E00 if necessary
T5288 059:577.225    -- Filling invalid ranges in sector buffer (flash cache) for sector @ 0x00000F00 if necessary
T5288 059:577.255    -- Filling invalid ranges in sector buffer (flash cache) for sector @ 0x00001000 if necessary
T5288 059:577.286    -- Filling invalid ranges in sector buffer (flash cache) for sector @ 0x00001100 if necessary
T5288 059:577.316    -- Filling invalid ranges in sector buffer (flash cache) for sector @ 0x00001200 if necessary
T5288 059:577.347    -- Filling invalid ranges in sector buffer (flash cache) for sector @ 0x00001300 if necessary
T5288 059:577.377    -- Filling invalid ranges in sector buffer (flash cache) for sector @ 0x00001400 if necessary
T5288 059:577.407    -- Filling invalid ranges in sector buffer (flash cache) for sector @ 0x00001500 if necessary
T5288 059:577.438    -- Filling invalid ranges in sector buffer (flash cache) for sector @ 0x00001600 if necessary
T5288 059:577.467    -- Filling invalid ranges in sector buffer (flash cache) for sector @ 0x00001700 if necessary
T5288 059:577.498    -- Filling invalid ranges in sector buffer (flash cache) for sector @ 0x00001800 if necessary
T5288 059:577.528    -- Filling invalid ranges in sector buffer (flash cache) for sector @ 0x00001900 if necessary
T5288 059:577.558    -- Filling invalid ranges in sector buffer (flash cache) for sector @ 0x00001A00 if necessary
T5288 059:577.589    -- Filling invalid ranges in sector buffer (flash cache) for sector @ 0x00001B00 if necessary
T5288 059:577.619    -- Filling invalid ranges in sector buffer (flash cache) for sector @ 0x00001C00 if necessary
T5288 059:577.775    -- Filling invalid ranges in sector buffer (flash cache) for sector @ 0x00001D00 if necessary
T5288 059:577.806    -- Filling invalid ranges in sector buffer (flash cache) for sector @ 0x00001E00 if necessary
T5288 059:577.836    -- Filling invalid ranges in sector buffer (flash cache) for sector @ 0x00001F00 if necessary
T5288 059:577.866    -- Filling invalid ranges in sector buffer (flash cache) for sector @ 0x00002000 if necessary
T5288 059:577.897    -- Filling invalid ranges in sector buffer (flash cache) for sector @ 0x00002100 if necessary
T5288 059:577.926    -- Filling invalid ranges in sector buffer (flash cache) for sector @ 0x00002200 if necessary
T5288 059:577.957    -- Filling invalid ranges in sector buffer (flash cache) for sector @ 0x00002300 if necessary
T5288 059:577.987    -- Filling invalid ranges in sector buffer (flash cache) for sector @ 0x00002400 if necessary
T5288 059:578.018    -- Filling invalid ranges in sector buffer (flash cache) for sector @ 0x00002500 if necessary
T5288 059:578.053    -- Filling invalid ranges in sector buffer (flash cache) for sector @ 0x00002600 if necessary
T5288 059:578.083    -- Filling invalid ranges in sector buffer (flash cache) for sector @ 0x00002700 if necessary
T5288 059:578.114    -- Filling invalid ranges in sector buffer (flash cache) for sector @ 0x00002800 if necessary
T5288 059:578.144    -- Filling invalid ranges in sector buffer (flash cache) for sector @ 0x00002900 if necessary
T5288 059:578.174    -- Filling invalid ranges in sector buffer (flash cache) for sector @ 0x00002A00 if necessary
T5288 059:578.205    -- Filling invalid ranges in sector buffer (flash cache) for sector @ 0x00002B00 if necessary
T5288 059:578.235    -- Filling invalid ranges in sector buffer (flash cache) for sector @ 0x00002C00 if necessary
T5288 059:578.265    -- Filling invalid ranges in sector buffer (flash cache) for sector @ 0x00002D00 if necessary
T5288 059:578.296    -- Filling invalid ranges in sector buffer (flash cache) for sector @ 0x00002E00 if necessary
T5288 059:578.325    -- Filling invalid ranges in sector buffer (flash cache) for sector @ 0x00002F00 if necessary
T5288 059:578.356    -- Filling invalid ranges in sector buffer (flash cache) for sector @ 0x00003000 if necessary
T5288 059:578.386    -- Filling invalid ranges in sector buffer (flash cache) for sector @ 0x00003100 if necessary
T5288 059:578.417    -- Filling invalid ranges in sector buffer (flash cache) for sector @ 0x00003200 if necessary
T5288 059:578.447    -- Filling invalid ranges in sector buffer (flash cache) for sector @ 0x00003300 if necessary
T5288 059:578.477    -- Filling invalid ranges in sector buffer (flash cache) for sector @ 0x00003400 if necessary
T5288 059:578.508    -- Filling invalid ranges in sector buffer (flash cache) for sector @ 0x00003500 if necessary
T5288 059:578.539    -- Filling invalid ranges in sector buffer (flash cache) for sector @ 0x00003600 if necessary
T5288 059:578.568    -- Filling invalid ranges in sector buffer (flash cache) for sector @ 0x00003700 if necessary
T5288 059:578.599    -- Filling invalid ranges in sector buffer (flash cache) for sector @ 0x00003800 if necessary
T5288 059:578.630    -- Filling invalid ranges in sector buffer (flash cache) for sector @ 0x00003900 if necessary
T5288 059:578.660    -- Filling invalid ranges in sector buffer (flash cache) for sector @ 0x00003A00 if necessary
T5288 059:578.691    -- Filling invalid ranges in sector buffer (flash cache) for sector @ 0x00003B00 if necessary
T5288 059:578.721    -- Filling invalid ranges in sector buffer (flash cache) for sector @ 0x00003C00 if necessary
T5288 059:578.751    -- Filling invalid ranges in sector buffer (flash cache) for sector @ 0x00003D00 if necessary
T5288 059:578.781    -- Filling invalid ranges in sector buffer (flash cache) for sector @ 0x00003E00 if necessary
T5288 059:578.811    -- Filling invalid ranges in sector buffer (flash cache) for sector @ 0x00003F00 if necessary
T5288 059:578.927    -- Filling invalid ranges in sector buffer (flash cache) for sector @ 0x00004000 if necessary
T5288 059:578.957    -- Filling invalid ranges in sector buffer (flash cache) for sector @ 0x00004100 if necessary
T5288 059:578.987    -- Filling invalid ranges in sector buffer (flash cache) for sector @ 0x00004200 if necessary
T5288 059:579.018    -- Filling invalid ranges in sector buffer (flash cache) for sector @ 0x00004300 if necessary
T5288 059:579.050    -- Filling invalid ranges in sector buffer (flash cache) for sector @ 0x00004400 if necessary
T5288 059:579.081    -- Filling invalid ranges in sector buffer (flash cache) for sector @ 0x00004500 if necessary
T5288 059:579.111    -- Filling invalid ranges in sector buffer (flash cache) for sector @ 0x00004600 if necessary
T5288 059:579.143    -- Filling invalid ranges in sector buffer (flash cache) for sector @ 0x00004700 if necessary
T5288 059:579.174    -- Filling invalid ranges in sector buffer (flash cache) for sector @ 0x00004800 if necessary
T5288 059:579.204    -- Filling invalid ranges in sector buffer (flash cache) for sector @ 0x00004900 if necessary
T5288 059:579.234    -- Filling invalid ranges in sector buffer (flash cache) for sector @ 0x00004A00 if necessary
T5288 059:579.330    -- Filling invalid ranges in sector buffer (flash cache) for sector @ 0x00004B00 if necessary
T5288 059:579.359    -- Filling invalid ranges in sector buffer (flash cache) for sector @ 0x00004C00 if necessary
T5288 059:579.390    -- Filling invalid ranges in sector buffer (flash cache) for sector @ 0x00004D00 if necessary
T5288 059:579.421    -- Filling invalid ranges in sector buffer (flash cache) for sector @ 0x00004E00 if necessary
T5288 059:579.451    -- Filling invalid ranges in sector buffer (flash cache) for sector @ 0x00004F00 if necessary
T5288 059:579.481    -- Filling invalid ranges in sector buffer (flash cache) for sector @ 0x00005000 if necessary
T5288 059:579.511    -- Filling invalid ranges in sector buffer (flash cache) for sector @ 0x00005100 if necessary
T5288 059:579.542    -- Filling invalid ranges in sector buffer (flash cache) for sector @ 0x00005200 if necessary
T5288 059:579.572    -- Filling invalid ranges in sector buffer (flash cache) for sector @ 0x00005300 if necessary
T5288 059:579.603    -- Filling invalid ranges in sector buffer (flash cache) for sector @ 0x00005400 if necessary
T5288 059:579.634    -- Filling invalid ranges in sector buffer (flash cache) for sector @ 0x00005500 if necessary
T5288 059:579.664    -- Filling invalid ranges in sector buffer (flash cache) for sector @ 0x00005600 if necessary
T5288 059:579.694    -- Filling invalid ranges in sector buffer (flash cache) for sector @ 0x00005700 if necessary
T5288 059:579.725    -- Filling invalid ranges in sector buffer (flash cache) for sector @ 0x00005800 if necessary
T5288 059:579.755    -- Filling invalid ranges in sector buffer (flash cache) for sector @ 0x00005900 if necessary
T5288 059:579.785    -- Filling invalid ranges in sector buffer (flash cache) for sector @ 0x00005A00 if necessary
T5288 059:579.815    -- Filling invalid ranges in sector buffer (flash cache) for sector @ 0x00005B00 if necessary
T5288 059:579.845    -- Filling invalid ranges in sector buffer (flash cache) for sector @ 0x00005C00 if necessary
T5288 059:579.876    -- Filling invalid ranges in sector buffer (flash cache) for sector @ 0x00005D00 if necessary
T5288 059:579.906    -- Filling invalid ranges in sector buffer (flash cache) for sector @ 0x00005E00 if necessary
T5288 059:579.956    -- Filling invalid ranges in sector buffer (flash cache) for sector @ 0x00005F00 if necessary
T5288 059:579.988    -- Filling invalid ranges in sector buffer (flash cache) for sector @ 0x00006000 if necessary
T5288 059:580.018    -- Filling invalid ranges in sector buffer (flash cache) for sector @ 0x00006100 if necessary
T5288 059:580.051    -- Filling invalid ranges in sector buffer (flash cache) for sector @ 0x00006200 if necessary
T5288 059:580.087    -- Filling invalid ranges in sector buffer (flash cache) for sector @ 0x00006300 if necessary
T5288 059:580.117    -- Filling invalid ranges in sector buffer (flash cache) for sector @ 0x00006400 if necessary
T5288 059:580.148    -- Filling invalid ranges in sector buffer (flash cache) for sector @ 0x00006500 if necessary
T5288 059:580.178    -- Filling invalid ranges in sector buffer (flash cache) for sector @ 0x00006600 if necessary
T5288 059:580.208    -- Filling invalid ranges in sector buffer (flash cache) for sector @ 0x00006700 if necessary
T5288 059:580.239    -- Filling invalid ranges in sector buffer (flash cache) for sector @ 0x00006800 if necessary
T5288 059:580.268    -- Filling invalid ranges in sector buffer (flash cache) for sector @ 0x00006900 if necessary
T5288 059:580.300    -- Filling invalid ranges in sector buffer (flash cache) for sector @ 0x00006A00 if necessary
T5288 059:580.329    -- Filling invalid ranges in sector buffer (flash cache) for sector @ 0x00006B00 if necessary
T5288 059:580.359    -- Filling invalid ranges in sector buffer (flash cache) for sector @ 0x00006C00 if necessary
T5288 059:580.390    -- Filling invalid ranges in sector buffer (flash cache) for sector @ 0x00006D00 if necessary
T5288 059:580.420    -- Filling invalid ranges in sector buffer (flash cache) for sector @ 0x00006E00 if necessary
T5288 059:580.450    -- Filling invalid ranges in sector buffer (flash cache) for sector @ 0x00006F00 if necessary
T5288 059:580.481    -- Filling invalid ranges in sector buffer (flash cache) for sector @ 0x00007000 if necessary
T5288 059:580.510    -- Filling invalid ranges in sector buffer (flash cache) for sector @ 0x00007100 if necessary
T5288 059:580.541    -- Filling invalid ranges in sector buffer (flash cache) for sector @ 0x00007200 if necessary
T5288 059:580.571    -- Filling invalid ranges in sector buffer (flash cache) for sector @ 0x00007300 if necessary
T5288 059:580.601    -- Filling invalid ranges in sector buffer (flash cache) for sector @ 0x00007400 if necessary
T5288 059:580.632    -- Filling invalid ranges in sector buffer (flash cache) for sector @ 0x00007500 if necessary
T5288 059:580.661    -- Filling invalid ranges in sector buffer (flash cache) for sector @ 0x00007600 if necessary
T5288 059:580.692    -- Filling invalid ranges in sector buffer (flash cache) for sector @ 0x00007700 if necessary
T5288 059:580.722    -- Filling invalid ranges in sector buffer (flash cache) for sector @ 0x00007800 if necessary
T5288 059:580.752    -- Filling invalid ranges in sector buffer (flash cache) for sector @ 0x00007900 if necessary
T5288 059:580.782    -- Filling invalid ranges in sector buffer (flash cache) for sector @ 0x00007A00 if necessary
T5288 059:580.812    -- Filling invalid ranges in sector buffer (flash cache) for sector @ 0x00007B00 if necessary
T5288 059:580.842    -- Filling invalid ranges in sector buffer (flash cache) for sector @ 0x00007C00 if necessary
T5288 059:580.873    -- Filling invalid ranges in sector buffer (flash cache) for sector @ 0x00007D00 if necessary
T5288 059:580.902    -- Filling invalid ranges in sector buffer (flash cache) for sector @ 0x00007E00 if necessary
T5288 059:580.933    -- Filling invalid ranges in sector buffer (flash cache) for sector @ 0x00007F00 if necessary
T5288 059:580.963    -- Filling invalid ranges in sector buffer (flash cache) for sector @ 0x00008000 if necessary
T5288 059:580.993    -- Filling invalid ranges in sector buffer (flash cache) for sector @ 0x00008100 if necessary
T5288 059:581.024    -- Filling invalid ranges in sector buffer (flash cache) for sector @ 0x00008200 if necessary
T5288 059:581.056    -- Filling invalid ranges in sector buffer (flash cache) for sector @ 0x00008300 if necessary
T5288 059:581.086    -- Filling invalid ranges in sector buffer (flash cache) for sector @ 0x00008400 if necessary
T5288 059:581.116    -- Filling invalid ranges in sector buffer (flash cache) for sector @ 0x00008500 if necessary
T5288 059:581.146    -- Filling invalid ranges in sector buffer (flash cache) for sector @ 0x00008600 if necessary
T5288 059:581.182    -- Filling invalid ranges in sector buffer (flash cache) for sector @ 0x00008700 if necessary
T5288 059:581.212    -- Filling invalid ranges in sector buffer (flash cache) for sector @ 0x00008800 if necessary
T5288 059:581.242    -- Filling invalid ranges in sector buffer (flash cache) for sector @ 0x00008900 if necessary
T5288 059:581.273    -- Filling invalid ranges in sector buffer (flash cache) for sector @ 0x00008A00 if necessary
T5288 059:581.302    -- Filling invalid ranges in sector buffer (flash cache) for sector @ 0x00008B00 if necessary
T5288 059:581.333    -- Filling invalid ranges in sector buffer (flash cache) for sector @ 0x00008C00 if necessary
T5288 059:581.364    -- Filling invalid ranges in sector buffer (flash cache) for sector @ 0x00008D00 if necessary
T5288 059:581.393    -- Filling invalid ranges in sector buffer (flash cache) for sector @ 0x00008E00 if necessary
T5288 059:581.424    -- Filling invalid ranges in sector buffer (flash cache) for sector @ 0x00008F00 if necessary
T5288 059:581.455    -- Filling invalid ranges in sector buffer (flash cache) for sector @ 0x00009000 if necessary
T5288 059:581.485    -- Filling invalid ranges in sector buffer (flash cache) for sector @ 0x00009100 if necessary
T5288 059:581.516    -- Filling invalid ranges in sector buffer (flash cache) for sector @ 0x00009200 if necessary
T5288 059:581.546    -- Filling invalid ranges in sector buffer (flash cache) for sector @ 0x00009300 if necessary
T5288 059:581.576    -- Filling invalid ranges in sector buffer (flash cache) for sector @ 0x00009400 if necessary
T5288 059:581.606    -- Filling invalid ranges in sector buffer (flash cache) for sector @ 0x00009500 if necessary
T5288 059:581.636    -- Filling invalid ranges in sector buffer (flash cache) for sector @ 0x00009600 if necessary
T5288 059:581.667    -- Filling invalid ranges in sector buffer (flash cache) for sector @ 0x00009700 if necessary
T5288 059:581.697    -- Filling invalid ranges in sector buffer (flash cache) for sector @ 0x00009800 if necessary
T5288 059:581.727    -- Filling invalid ranges in sector buffer (flash cache) for sector @ 0x00009900 if necessary
T5288 059:581.757    -- Filling invalid ranges in sector buffer (flash cache) for sector @ 0x00009A00 if necessary
T5288 059:581.787    -- Filling invalid ranges in sector buffer (flash cache) for sector @ 0x00009B00 if necessary
T5288 059:581.818    -- Filling invalid ranges in sector buffer (flash cache) for sector @ 0x00009C00 if necessary
T5288 059:581.848    -- Filling invalid ranges in sector buffer (flash cache) for sector @ 0x00009D00 if necessary
T5288 059:581.878    -- Filling invalid ranges in sector buffer (flash cache) for sector @ 0x00009E00 if necessary
T5288 059:581.909    -- Filling invalid ranges in sector buffer (flash cache) for sector @ 0x00009F00 if necessary
T5288 059:581.939    -- Filling invalid ranges in sector buffer (flash cache) for sector @ 0x0000A000 if necessary
T5288 059:581.969    -- Filling invalid ranges in sector buffer (flash cache) for sector @ 0x0000A100 if necessary
T5288 059:581.999    -- Filling invalid ranges in sector buffer (flash cache) for sector @ 0x0000A200 if necessary
T5288 059:582.032    -- Filling invalid ranges in sector buffer (flash cache) for sector @ 0x0000A300 if necessary
T5288 059:582.063    -- Filling invalid ranges in sector buffer (flash cache) for sector @ 0x0000A400 if necessary
T5288 059:582.093    -- Filling invalid ranges in sector buffer (flash cache) for sector @ 0x0000A500 if necessary
T5288 059:582.123    -- Filling invalid ranges in sector buffer (flash cache) for sector @ 0x0000A600 if necessary
T5288 059:582.153    -- Filling invalid ranges in sector buffer (flash cache) for sector @ 0x0000A700 if necessary
T5288 059:582.183    -- Filling invalid ranges in sector buffer (flash cache) for sector @ 0x0000A800 if necessary
T5288 059:582.214    -- Filling invalid ranges in sector buffer (flash cache) for sector @ 0x0000A900 if necessary
T5288 059:582.248    -- Filling invalid ranges in sector buffer (flash cache) for sector @ 0x0000AA00 if necessary
T5288 059:582.278    -- Filling invalid ranges in sector buffer (flash cache) for sector @ 0x0000AB00 if necessary
T5288 059:582.309    -- Filling invalid ranges in sector buffer (flash cache) for sector @ 0x0000AC00 if necessary
T5288 059:582.339    -- Filling invalid ranges in sector buffer (flash cache) for sector @ 0x0000AD00 if necessary
T5288 059:582.369    -- Filling invalid ranges in sector buffer (flash cache) for sector @ 0x0000AE00 if necessary
T5288 059:582.400    -- Filling invalid ranges in sector buffer (flash cache) for sector @ 0x0000AF00 if necessary
T5288 059:582.449    -- Filling invalid ranges in sector buffer (flash cache) for sector @ 0x0000B000 if necessary
T5288 059:582.481    -- Filling invalid ranges in sector buffer (flash cache) for sector @ 0x0000B100 if necessary
T5288 059:582.511    -- Filling invalid ranges in sector buffer (flash cache) for sector @ 0x0000B200 if necessary
T5288 059:582.541    -- Filling invalid ranges in sector buffer (flash cache) for sector @ 0x0000B300 if necessary
T5288 059:582.572    -- Filling invalid ranges in sector buffer (flash cache) for sector @ 0x0000B400 if necessary
T5288 059:582.602    -- Filling invalid ranges in sector buffer (flash cache) for sector @ 0x0000B500 if necessary
T5288 059:582.645    -- Filling invalid ranges in sector buffer (flash cache) for sector @ 0x0000B600 if necessary
T5288 059:582.677    -- Filling invalid ranges in sector buffer (flash cache) for sector @ 0x0000B700 if necessary
T5288 059:582.707    -- Filling invalid ranges in sector buffer (flash cache) for sector @ 0x0000B800 if necessary
T5288 059:582.737    -- Filling invalid ranges in sector buffer (flash cache) for sector @ 0x0000B900 if necessary
T5288 059:582.767    -- Filling invalid ranges in sector buffer (flash cache) for sector @ 0x0000BA00 if necessary
T5288 059:582.797    -- Filling invalid ranges in sector buffer (flash cache) for sector @ 0x0000BB00 if necessary
T5288 059:582.828    -- Filling invalid ranges in sector buffer (flash cache) for sector @ 0x0000BC00 if necessary
T5288 059:582.857    -- Filling invalid ranges in sector buffer (flash cache) for sector @ 0x0000BD00 if necessary
T5288 059:582.888    -- Filling invalid ranges in sector buffer (flash cache) for sector @ 0x0000BE00 if necessary
T5288 059:582.918    -- Filling invalid ranges in sector buffer (flash cache) for sector @ 0x0000BF00 if necessary
T5288 059:582.948    -- Filling invalid ranges in sector buffer (flash cache) for sector @ 0x0000C000 if necessary
T5288 059:582.979    -- Filling invalid ranges in sector buffer (flash cache) for sector @ 0x0000C100 if necessary
T5288 059:583.009    -- Filling invalid ranges in sector buffer (flash cache) for sector @ 0x0000C200 if necessary
T5288 059:583.041    -- Filling invalid ranges in sector buffer (flash cache) for sector @ 0x0000C300 if necessary
T5288 059:583.072    -- Filling invalid ranges in sector buffer (flash cache) for sector @ 0x0000C400 if necessary
T5288 059:583.102    -- Filling invalid ranges in sector buffer (flash cache) for sector @ 0x0000C500 if necessary
T5288 059:583.133    -- Filling invalid ranges in sector buffer (flash cache) for sector @ 0x0000C600 if necessary
T5288 059:583.162    -- Filling invalid ranges in sector buffer (flash cache) for sector @ 0x0000C700 if necessary
T5288 059:583.193    -- Filling invalid ranges in sector buffer (flash cache) for sector @ 0x0000C800 if necessary
T5288 059:583.223    -- Filling invalid ranges in sector buffer (flash cache) for sector @ 0x0000C900 if necessary
T5288 059:583.252    -- Filling invalid ranges in sector buffer (flash cache) for sector @ 0x0000CA00 if necessary
T5288 059:583.283    -- Filling invalid ranges in sector buffer (flash cache) for sector @ 0x0000CB00 if necessary
T5288 059:583.313    -- Filling invalid ranges in sector buffer (flash cache) for sector @ 0x0000CC00 if necessary
T5288 059:583.347    -- Filling invalid ranges in sector buffer (flash cache) for sector @ 0x0000CD00 if necessary
T5288 059:583.378    -- Filling invalid ranges in sector buffer (flash cache) for sector @ 0x0000CE00 if necessary
T5288 059:583.409    -- Filling invalid ranges in sector buffer (flash cache) for sector @ 0x0000CF00 if necessary
T5288 059:583.439    -- Filling invalid ranges in sector buffer (flash cache) for sector @ 0x0000D000 if necessary
T5288 059:583.469    -- Filling invalid ranges in sector buffer (flash cache) for sector @ 0x0000D100 if necessary
T5288 059:583.499    -- Filling invalid ranges in sector buffer (flash cache) for sector @ 0x0000D200 if necessary
T5288 059:583.529    -- Filling invalid ranges in sector buffer (flash cache) for sector @ 0x0000D300 if necessary
T5288 059:583.560    -- Filling invalid ranges in sector buffer (flash cache) for sector @ 0x0000D400 if necessary
T5288 059:583.589    -- Filling invalid ranges in sector buffer (flash cache) for sector @ 0x0000D500 if necessary
T5288 059:583.620    -- Filling invalid ranges in sector buffer (flash cache) for sector @ 0x0000D600 if necessary
T5288 059:583.650    -- Filling invalid ranges in sector buffer (flash cache) for sector @ 0x0000D700 if necessary
T5288 059:583.680    -- Filling invalid ranges in sector buffer (flash cache) for sector @ 0x0000D800 if necessary
T5288 059:583.710    -- Filling invalid ranges in sector buffer (flash cache) for sector @ 0x0000D900 if necessary
T5288 059:583.740    -- Filling invalid ranges in sector buffer (flash cache) for sector @ 0x0000DA00 if necessary
T5288 059:583.770    -- Filling invalid ranges in sector buffer (flash cache) for sector @ 0x0000DB00 if necessary
T5288 059:583.801    -- Filling invalid ranges in sector buffer (flash cache) for sector @ 0x0000DC00 if necessary
T5288 059:583.830    -- Filling invalid ranges in sector buffer (flash cache) for sector @ 0x0000DD00 if necessary
T5288 059:583.861    -- Filling invalid ranges in sector buffer (flash cache) for sector @ 0x0000DE00 if necessary
T5288 059:583.891    -- Filling invalid ranges in sector buffer (flash cache) for sector @ 0x0000DF00 if necessary
T5288 059:583.921    -- Filling invalid ranges in sector buffer (flash cache) for sector @ 0x0000E000 if necessary
T5288 059:583.952    -- Filling invalid ranges in sector buffer (flash cache) for sector @ 0x0000E100 if necessary
T5288 059:583.982    -- Filling invalid ranges in sector buffer (flash cache) for sector @ 0x0000E200 if necessary
T5288 059:584.012    -- Filling invalid ranges in sector buffer (flash cache) for sector @ 0x0000E300 if necessary
T5288 059:584.045    -- Filling invalid ranges in sector buffer (flash cache) for sector @ 0x0000E400 if necessary
T5288 059:584.075    -- Filling invalid ranges in sector buffer (flash cache) for sector @ 0x0000E500 if necessary
T5288 059:584.105    -- Filling invalid ranges in sector buffer (flash cache) for sector @ 0x0000E600 if necessary
T5288 059:584.135    -- Filling invalid ranges in sector buffer (flash cache) for sector @ 0x0000E700 if necessary
T5288 059:584.165    -- Filling invalid ranges in sector buffer (flash cache) for sector @ 0x0000E800 if necessary
T5288 059:584.195    -- Filling invalid ranges in sector buffer (flash cache) for sector @ 0x0000E900 if necessary
T5288 059:584.225    -- Filling invalid ranges in sector buffer (flash cache) for sector @ 0x0000EA00 if necessary
T5288 059:584.256    -- Filling invalid ranges in sector buffer (flash cache) for sector @ 0x0000EB00 if necessary
T5288 059:584.286    -- Filling invalid ranges in sector buffer (flash cache) for sector @ 0x0000EC00 if necessary
T5288 059:584.316    -- Filling invalid ranges in sector buffer (flash cache) for sector @ 0x0000ED00 if necessary
T5288 059:584.347    -- Filling invalid ranges in sector buffer (flash cache) for sector @ 0x0000EE00 if necessary
T5288 059:584.376    -- Filling invalid ranges in sector buffer (flash cache) for sector @ 0x0000EF00 if necessary
T5288 059:584.407    -- Filling invalid ranges in sector buffer (flash cache) for sector @ 0x0000F000 if necessary
T5288 059:584.503    -- Filling invalid ranges in sector buffer (flash cache) for sector @ 0x0000F100 if necessary
T5288 059:584.533    -- Filling invalid ranges in sector buffer (flash cache) for sector @ 0x0000F200 if necessary
T5288 059:584.564    -- Filling invalid ranges in sector buffer (flash cache) for sector @ 0x0000F300 if necessary
T5288 059:584.594    -- Filling invalid ranges in sector buffer (flash cache) for sector @ 0x0000F400 if necessary
T5288 059:584.624    -- Filling invalid ranges in sector buffer (flash cache) for sector @ 0x0000F500 if necessary
T5288 059:584.654    -- Filling invalid ranges in sector buffer (flash cache) for sector @ 0x0000F600 if necessary
T5288 059:584.684    -- Filling invalid ranges in sector buffer (flash cache) for sector @ 0x0000F700 if necessary
T5288 059:584.714    -- Filling invalid ranges in sector buffer (flash cache) for sector @ 0x0000F800 if necessary
T5288 059:584.744    -- Filling invalid ranges in sector buffer (flash cache) for sector @ 0x0000F900 if necessary
T5288 059:584.773    -- Filling invalid ranges in sector buffer (flash cache) for sector @ 0x0000FA00 if necessary
T5288 059:584.804    -- Filling invalid ranges in sector buffer (flash cache) for sector @ 0x0000FB00 if necessary
T5288 059:584.834    -- Filling invalid ranges in sector buffer (flash cache) for sector @ 0x0000FC00 if necessary
T5288 059:584.864    -- Filling invalid ranges in sector buffer (flash cache) for sector @ 0x0000FD00 if necessary
T5288 059:584.895    -- Filling invalid ranges in sector buffer (flash cache) for sector @ 0x0000FE00 if necessary
T5288 059:584.924    -- Filling invalid ranges in sector buffer (flash cache) for sector @ 0x0000FF00 if necessary
T5288 059:584.955    -- Filling invalid ranges in sector buffer (flash cache) for sector @ 0x00010000 if necessary
T5288 059:585.006    -- Filling invalid ranges in sector buffer (flash cache) for sector @ 0x00010100 if necessary
T5288 059:585.043    -- Filling invalid ranges in sector buffer (flash cache) for sector @ 0x00010200 if necessary
T5288 059:585.074    -- Filling invalid ranges in sector buffer (flash cache) for sector @ 0x00010300 if necessary
T5288 059:585.104    -- Filling invalid ranges in sector buffer (flash cache) for sector @ 0x00010400 if necessary
T5288 059:585.134    -- Filling invalid ranges in sector buffer (flash cache) for sector @ 0x00010500 if necessary
T5288 059:585.164    -- Filling invalid ranges in sector buffer (flash cache) for sector @ 0x00010600 if necessary
T5288 059:585.194    -- Filling invalid ranges in sector buffer (flash cache) for sector @ 0x00010700 if necessary
T5288 059:585.225    -- Filling invalid ranges in sector buffer (flash cache) for sector @ 0x00010800 if necessary
T5288 059:585.255    -- Filling invalid ranges in sector buffer (flash cache) for sector @ 0x00010900 if necessary
T5288 059:585.285    -- Filling invalid ranges in sector buffer (flash cache) for sector @ 0x00010A00 if necessary
T5288 059:585.316    -- Filling invalid ranges in sector buffer (flash cache) for sector @ 0x00010B00 if necessary
T5288 059:585.345    -- Filling invalid ranges in sector buffer (flash cache) for sector @ 0x00010C00 if necessary
T5288 059:585.376    -- Filling invalid ranges in sector buffer (flash cache) for sector @ 0x00010D00 if necessary
T5288 059:585.406    -- Filling invalid ranges in sector buffer (flash cache) for sector @ 0x00010E00 if necessary
T5288 059:585.436    -- Filling invalid ranges in sector buffer (flash cache) for sector @ 0x00010F00 if necessary
T5288 059:585.467    -- Filling invalid ranges in sector buffer (flash cache) for sector @ 0x00011000 if necessary
T5288 059:585.497    -- Filling invalid ranges in sector buffer (flash cache) for sector @ 0x00011100 if necessary
T5288 059:585.527    -- Filling invalid ranges in sector buffer (flash cache) for sector @ 0x00011200 if necessary
T5288 059:585.557    -- Filling invalid ranges in sector buffer (flash cache) for sector @ 0x00011300 if necessary
T5288 059:585.599    -- Filling invalid ranges in sector buffer (flash cache) for sector @ 0x00011400 if necessary
T5288 059:585.630    -- Filling invalid ranges in sector buffer (flash cache) for sector @ 0x00011500 if necessary
T5288 059:585.660    -- Filling invalid ranges in sector buffer (flash cache) for sector @ 0x00011600 if necessary
T5288 059:585.690    -- Filling invalid ranges in sector buffer (flash cache) for sector @ 0x00011700 if necessary
T5288 059:585.721    -- Filling invalid ranges in sector buffer (flash cache) for sector @ 0x00011800 if necessary
T5288 059:585.751    -- Filling invalid ranges in sector buffer (flash cache) for sector @ 0x00011900 if necessary
T5288 059:585.781    -- Filling invalid ranges in sector buffer (flash cache) for sector @ 0x00011A00 if necessary
T5288 059:585.811    -- Filling invalid ranges in sector buffer (flash cache) for sector @ 0x00011B00 if necessary
T5288 059:585.841    -- Filling invalid ranges in sector buffer (flash cache) for sector @ 0x00011C00 if necessary
T5288 059:585.872    -- Filling invalid ranges in sector buffer (flash cache) for sector @ 0x00011D00 if necessary
T5288 059:585.902    -- Filling invalid ranges in sector buffer (flash cache) for sector @ 0x00011E00 if necessary
T5288 059:585.932    -- Filling invalid ranges in sector buffer (flash cache) for sector @ 0x00011F00 if necessary
T5288 059:585.963    -- Filling invalid ranges in sector buffer (flash cache) for sector @ 0x00012000 if necessary
T5288 059:585.993    -- Filling invalid ranges in sector buffer (flash cache) for sector @ 0x00012100 if necessary
T5288 059:586.025    -- Filling invalid ranges in sector buffer (flash cache) for sector @ 0x00012200 if necessary
T5288 059:586.056    -- Filling invalid ranges in sector buffer (flash cache) for sector @ 0x00012300 if necessary
T5288 059:586.085    -- Filling invalid ranges in sector buffer (flash cache) for sector @ 0x00012400 if necessary
T5288 059:586.116    -- Filling invalid ranges in sector buffer (flash cache) for sector @ 0x00012500 if necessary
T5288 059:586.145    -- Filling invalid ranges in sector buffer (flash cache) for sector @ 0x00012600 if necessary
T5288 059:586.175    -- Filling invalid ranges in sector buffer (flash cache) for sector @ 0x00012700 if necessary
T5288 059:586.206    -- Filling invalid ranges in sector buffer (flash cache) for sector @ 0x00012800 if necessary
T5288 059:586.235    -- Filling invalid ranges in sector buffer (flash cache) for sector @ 0x00012900 if necessary
T5288 059:586.266    -- Filling invalid ranges in sector buffer (flash cache) for sector @ 0x00012A00 if necessary
T5288 059:586.296    -- Filling invalid ranges in sector buffer (flash cache) for sector @ 0x00012B00 if necessary
T5288 059:586.325    -- Filling invalid ranges in sector buffer (flash cache) for sector @ 0x00012C00 if necessary
T5288 059:586.356    -- Filling invalid ranges in sector buffer (flash cache) for sector @ 0x00012D00 if necessary
T5288 059:586.385    -- Filling invalid ranges in sector buffer (flash cache) for sector @ 0x00012E00 if necessary
T5288 059:586.415    -- Filling invalid ranges in sector buffer (flash cache) for sector @ 0x00012F00 if necessary
T5288 059:586.446    -- Filling invalid ranges in sector buffer (flash cache) for sector @ 0x00013000 if necessary
T5288 059:586.475    -- Filling invalid ranges in sector buffer (flash cache) for sector @ 0x00013100 if necessary
T5288 059:586.505    -- Filling invalid ranges in sector buffer (flash cache) for sector @ 0x00013200 if necessary
T5288 059:586.536    -- Filling invalid ranges in sector buffer (flash cache) for sector @ 0x00013300 if necessary
T5288 059:586.565    -- Filling invalid ranges in sector buffer (flash cache) for sector @ 0x00013400 if necessary
T5288 059:586.596    -- Filling invalid ranges in sector buffer (flash cache) for sector @ 0x00013500 if necessary
T5288 059:586.626    -- Filling invalid ranges in sector buffer (flash cache) for sector @ 0x00013600 if necessary
T5288 059:586.660    -- Filling invalid ranges in sector buffer (flash cache) for sector @ 0x00013700 if necessary
T5288 059:586.690    -- Filling invalid ranges in sector buffer (flash cache) for sector @ 0x00013800 if necessary
T5288 059:586.720    -- Filling invalid ranges in sector buffer (flash cache) for sector @ 0x00013900 if necessary
T5288 059:586.751    -- Filling invalid ranges in sector buffer (flash cache) for sector @ 0x00013A00 if necessary
T5288 059:586.781    -- Filling invalid ranges in sector buffer (flash cache) for sector @ 0x00013B00 if necessary
T5288 059:586.811    -- Filling invalid ranges in sector buffer (flash cache) for sector @ 0x00013C00 if necessary
T5288 059:586.841    -- Filling invalid ranges in sector buffer (flash cache) for sector @ 0x00013D00 if necessary
T5288 059:586.871    -- Filling invalid ranges in sector buffer (flash cache) for sector @ 0x00013E00 if necessary
T5288 059:586.901    -- Filling invalid ranges in sector buffer (flash cache) for sector @ 0x00013F00 if necessary
T5288 059:586.932    -- Filling invalid ranges in sector buffer (flash cache) for sector @ 0x00014000 if necessary
T5288 059:586.962    -- Filling invalid ranges in sector buffer (flash cache) for sector @ 0x00014100 if necessary
T5288 059:586.992    -- Filling invalid ranges in sector buffer (flash cache) for sector @ 0x00014200 if necessary
T5288 059:587.025    -- Filling invalid ranges in sector buffer (flash cache) for sector @ 0x00014300 if necessary
T5288 059:587.055    -- Filling invalid ranges in sector buffer (flash cache) for sector @ 0x00014400 if necessary
T5288 059:587.085    -- Filling invalid ranges in sector buffer (flash cache) for sector @ 0x00014500 if necessary
T5288 059:587.115    -- Filling invalid ranges in sector buffer (flash cache) for sector @ 0x00014600 if necessary
T5288 059:587.146    -- Filling invalid ranges in sector buffer (flash cache) for sector @ 0x00014700 if necessary
T5288 059:587.176    -- Filling invalid ranges in sector buffer (flash cache) for sector @ 0x00014800 if necessary
T5288 059:587.206    -- Filling invalid ranges in sector buffer (flash cache) for sector @ 0x00014900 if necessary
T5288 059:587.237    -- Filling invalid ranges in sector buffer (flash cache) for sector @ 0x00014A00 if necessary
T5288 059:587.266    -- Filling invalid ranges in sector buffer (flash cache) for sector @ 0x00014B00 if necessary
T5288 059:587.297    -- Filling invalid ranges in sector buffer (flash cache) for sector @ 0x00014C00 if necessary
T5288 059:587.327    -- Filling invalid ranges in sector buffer (flash cache) for sector @ 0x00014D00 if necessary
T5288 059:587.357    -- Filling invalid ranges in sector buffer (flash cache) for sector @ 0x00014E00 if necessary
T5288 059:587.387    -- Filling invalid ranges in sector buffer (flash cache) for sector @ 0x00014F00 if necessary
T5288 059:587.417    -- Filling invalid ranges in sector buffer (flash cache) for sector @ 0x00015000 if necessary
T5288 059:587.447    -- Filling invalid ranges in sector buffer (flash cache) for sector @ 0x00015100 if necessary
T5288 059:587.497    -- Filling invalid ranges in sector buffer (flash cache) for sector @ 0x00015200 if necessary
T5288 059:587.528    -- Filling invalid ranges in sector buffer (flash cache) for sector @ 0x00015300 if necessary
T5288 059:587.558    -- Filling invalid ranges in sector buffer (flash cache) for sector @ 0x00015400 if necessary
T5288 059:587.589    -- Filling invalid ranges in sector buffer (flash cache) for sector @ 0x00015500 if necessary
T5288 059:587.618    -- Filling invalid ranges in sector buffer (flash cache) for sector @ 0x00015600 if necessary
T5288 059:587.649    -- Filling invalid ranges in sector buffer (flash cache) for sector @ 0x00015700 if necessary
T5288 059:587.679    -- Filling invalid ranges in sector buffer (flash cache) for sector @ 0x00015800 if necessary
T5288 059:587.708    -- Filling invalid ranges in sector buffer (flash cache) for sector @ 0x00015900 if necessary
T5288 059:587.739    -- Filling invalid ranges in sector buffer (flash cache) for sector @ 0x00015A00 if necessary
T5288 059:587.778    -- Filling invalid ranges in sector buffer (flash cache) for sector @ 0x00015B00 if necessary
T5288 059:587.809    -- Filling invalid ranges in sector buffer (flash cache) for sector @ 0x00015C00 if necessary
T5288 059:587.840    -- Filling invalid ranges in sector buffer (flash cache) for sector @ 0x00015D00 if necessary
T5288 059:587.870    -- Filling invalid ranges in sector buffer (flash cache) for sector @ 0x00015E00 if necessary
T5288 059:587.900    -- Filling invalid ranges in sector buffer (flash cache) for sector @ 0x00015F00 if necessary
T5288 059:587.930    -- Filling invalid ranges in sector buffer (flash cache) for sector @ 0x00016000 if necessary
T5288 059:587.960    -- Filling invalid ranges in sector buffer (flash cache) for sector @ 0x00016100 if necessary
T5288 059:587.991    -- Filling invalid ranges in sector buffer (flash cache) for sector @ 0x00016200 if necessary
T5288 059:588.028    -- Filling invalid ranges in sector buffer (flash cache) for sector @ 0x00016300 if necessary
T5288 059:588.059    -- Filling invalid ranges in sector buffer (flash cache) for sector @ 0x00016400 if necessary
T5288 059:588.090    -- Filling invalid ranges in sector buffer (flash cache) for sector @ 0x00016500 if necessary
T5288 059:588.119    -- Filling invalid ranges in sector buffer (flash cache) for sector @ 0x00016600 if necessary
T5288 059:588.150    -- Filling invalid ranges in sector buffer (flash cache) for sector @ 0x00016700 if necessary
T5288 059:588.180    -- Filling invalid ranges in sector buffer (flash cache) for sector @ 0x00016800 if necessary
T5288 059:588.211    -- Filling invalid ranges in sector buffer (flash cache) for sector @ 0x00016900 if necessary
T5288 059:588.241    -- Filling invalid ranges in sector buffer (flash cache) for sector @ 0x00016A00 if necessary
T5288 059:588.271    -- Filling invalid ranges in sector buffer (flash cache) for sector @ 0x00016B00 if necessary
T5288 059:588.311    -- Filling invalid ranges in sector buffer (flash cache) for sector @ 0x00016C00 if necessary
T5288 059:588.342    -- Filling invalid ranges in sector buffer (flash cache) for sector @ 0x00016D00 if necessary
T5288 059:588.372    -- Filling invalid ranges in sector buffer (flash cache) for sector @ 0x00016E00 if necessary
T5288 059:588.403    -- Filling invalid ranges in sector buffer (flash cache) for sector @ 0x00016F00 if necessary
T5288 059:588.433    -- Filling invalid ranges in sector buffer (flash cache) for sector @ 0x00017000 if necessary
T5288 059:588.463    -- Filling invalid ranges in sector buffer (flash cache) for sector @ 0x00017100 if necessary
T5288 059:588.493    -- Filling invalid ranges in sector buffer (flash cache) for sector @ 0x00017200 if necessary
T5288 059:588.522    -- Filling invalid ranges in sector buffer (flash cache) for sector @ 0x00017300 if necessary
T5288 059:588.553    -- Filling invalid ranges in sector buffer (flash cache) for sector @ 0x00017400 if necessary
T5288 059:588.583    -- Filling invalid ranges in sector buffer (flash cache) for sector @ 0x00017500 if necessary
T5288 059:588.613    -- Filling invalid ranges in sector buffer (flash cache) for sector @ 0x00017600 if necessary
T5288 059:588.643    -- Filling invalid ranges in sector buffer (flash cache) for sector @ 0x00017700 if necessary
T5288 059:588.672    -- Filling invalid ranges in sector buffer (flash cache) for sector @ 0x00017800 if necessary
T5288 059:588.703    -- Filling invalid ranges in sector buffer (flash cache) for sector @ 0x00017900 if necessary
T5288 059:588.733    -- Filling invalid ranges in sector buffer (flash cache) for sector @ 0x00017A00 if necessary
T5288 059:588.762    -- Filling invalid ranges in sector buffer (flash cache) for sector @ 0x00017B00 if necessary
T5288 059:588.793    -- Filling invalid ranges in sector buffer (flash cache) for sector @ 0x00017C00 if necessary
T5288 059:588.823    -- Filling invalid ranges in sector buffer (flash cache) for sector @ 0x00017D00 if necessary
T5288 059:588.858    -- Filling invalid ranges in sector buffer (flash cache) for sector @ 0x00017E00 if necessary
T5288 059:588.888    -- Filling invalid ranges in sector buffer (flash cache) for sector @ 0x00017F00 if necessary
T5288 059:588.918    -- Filling invalid ranges in sector buffer (flash cache) for sector @ 0x00018000 if necessary
T5288 059:588.948    -- Filling invalid ranges in sector buffer (flash cache) for sector @ 0x00018100 if necessary
T5288 059:588.979    -- Filling invalid ranges in sector buffer (flash cache) for sector @ 0x00018200 if necessary
T5288 059:589.014    -- Filling invalid ranges in sector buffer (flash cache) for sector @ 0x00018300 if necessary
T5288 059:589.046    -- Filling invalid ranges in sector buffer (flash cache) for sector @ 0x00018400 if necessary
T5288 059:589.076    -- Filling invalid ranges in sector buffer (flash cache) for sector @ 0x00018500 if necessary
T5288 059:589.106    -- Filling invalid ranges in sector buffer (flash cache) for sector @ 0x00018600 if necessary
T5288 059:589.136    -- Filling invalid ranges in sector buffer (flash cache) for sector @ 0x00018700 if necessary
T5288 059:589.166    -- Filling invalid ranges in sector buffer (flash cache) for sector @ 0x00018800 if necessary
T5288 059:589.196    -- Filling invalid ranges in sector buffer (flash cache) for sector @ 0x00018900 if necessary
T5288 059:589.226    -- Filling invalid ranges in sector buffer (flash cache) for sector @ 0x00018A00 if necessary
T5288 059:589.257    -- Filling invalid ranges in sector buffer (flash cache) for sector @ 0x00018B00 if necessary
T5288 059:589.287    -- Filling invalid ranges in sector buffer (flash cache) for sector @ 0x00018C00 if necessary
T5288 059:589.317    -- Filling invalid ranges in sector buffer (flash cache) for sector @ 0x00018D00 if necessary
T5288 059:589.348    -- Filling invalid ranges in sector buffer (flash cache) for sector @ 0x00018E00 if necessary
T5288 059:589.378    -- Filling invalid ranges in sector buffer (flash cache) for sector @ 0x00018F00 if necessary
T5288 059:589.408    -- Filling invalid ranges in sector buffer (flash cache) for sector @ 0x00019000 if necessary
T5288 059:589.439    -- Filling invalid ranges in sector buffer (flash cache) for sector @ 0x00019100 if necessary
T5288 059:589.469    -- Filling invalid ranges in sector buffer (flash cache) for sector @ 0x00019200 if necessary
T5288 059:589.499    -- Filling invalid ranges in sector buffer (flash cache) for sector @ 0x00019300 if necessary
T5288 059:589.529    -- Filling invalid ranges in sector buffer (flash cache) for sector @ 0x00019400 if necessary
T5288 059:589.559    -- Filling invalid ranges in sector buffer (flash cache) for sector @ 0x00019500 if necessary
T5288 059:589.589    -- Filling invalid ranges in sector buffer (flash cache) for sector @ 0x00019600 if necessary
T5288 059:589.619    -- Filling invalid ranges in sector buffer (flash cache) for sector @ 0x00019700 if necessary
T5288 059:589.649    -- Filling invalid ranges in sector buffer (flash cache) for sector @ 0x00019800 if necessary
T5288 059:589.680    -- Filling invalid ranges in sector buffer (flash cache) for sector @ 0x00019900 if necessary
T5288 059:589.709    -- Filling invalid ranges in sector buffer (flash cache) for sector @ 0x00019A00 if necessary
T5288 059:589.739    -- Filling invalid ranges in sector buffer (flash cache) for sector @ 0x00019B00 if necessary
T5288 059:589.770    -- Filling invalid ranges in sector buffer (flash cache) for sector @ 0x00019C00 if necessary
T5288 059:589.799    -- Filling invalid ranges in sector buffer (flash cache) for sector @ 0x00019D00 if necessary
T5288 059:589.830    -- Filling invalid ranges in sector buffer (flash cache) for sector @ 0x00019E00 if necessary
T5288 059:589.860    -- Filling invalid ranges in sector buffer (flash cache) for sector @ 0x00019F00 if necessary
T5288 059:589.889    -- Filling invalid ranges in sector buffer (flash cache) for sector @ 0x0001A000 if necessary
T5288 059:589.927    -- Filling invalid ranges in sector buffer (flash cache) for sector @ 0x0001A100 if necessary
T5288 059:589.957    -- Filling invalid ranges in sector buffer (flash cache) for sector @ 0x0001A200 if necessary
T5288 059:590.011    -- Filling invalid ranges in sector buffer (flash cache) for sector @ 0x0001A300 if necessary
T5288 059:590.043    -- Filling invalid ranges in sector buffer (flash cache) for sector @ 0x0001A400 if necessary
T5288 059:590.073    -- Filling invalid ranges in sector buffer (flash cache) for sector @ 0x0001A500 if necessary
T5288 059:590.103    -- Filling invalid ranges in sector buffer (flash cache) for sector @ 0x0001A600 if necessary
T5288 059:590.133    -- Filling invalid ranges in sector buffer (flash cache) for sector @ 0x0001A700 if necessary
T5288 059:590.163    -- Filling invalid ranges in sector buffer (flash cache) for sector @ 0x0001A800 if necessary
T5288 059:590.194    -- Filling invalid ranges in sector buffer (flash cache) for sector @ 0x0001A900 if necessary
T5288 059:590.223    -- Filling invalid ranges in sector buffer (flash cache) for sector @ 0x0001AA00 if necessary
T5288 059:590.254    -- Filling invalid ranges in sector buffer (flash cache) for sector @ 0x0001AB00 if necessary
T5288 059:590.284    -- Filling invalid ranges in sector buffer (flash cache) for sector @ 0x0001AC00 if necessary
T5288 059:590.314    -- Filling invalid ranges in sector buffer (flash cache) for sector @ 0x0001AD00 if necessary
T5288 059:590.345    -- Filling invalid ranges in sector buffer (flash cache) for sector @ 0x0001AE00 if necessary
T5288 059:590.375    -- Filling invalid ranges in sector buffer (flash cache) for sector @ 0x0001AF00 if necessary
T5288 059:590.405    -- Filling invalid ranges in sector buffer (flash cache) for sector @ 0x0001B000 if necessary
T5288 059:590.435    -- Filling invalid ranges in sector buffer (flash cache) for sector @ 0x0001B100 if necessary
T5288 059:590.465    -- Filling invalid ranges in sector buffer (flash cache) for sector @ 0x0001B200 if necessary
T5288 059:590.495    -- Filling invalid ranges in sector buffer (flash cache) for sector @ 0x0001B300 if necessary
T5288 059:590.525    -- Filling invalid ranges in sector buffer (flash cache) for sector @ 0x0001B400 if necessary
T5288 059:590.555    -- Filling invalid ranges in sector buffer (flash cache) for sector @ 0x0001B500 if necessary
T5288 059:590.586    -- Filling invalid ranges in sector buffer (flash cache) for sector @ 0x0001B600 if necessary
T5288 059:590.616    -- Filling invalid ranges in sector buffer (flash cache) for sector @ 0x0001B700 if necessary
T5288 059:590.646    -- Filling invalid ranges in sector buffer (flash cache) for sector @ 0x0001B800 if necessary
T5288 059:590.677    -- Filling invalid ranges in sector buffer (flash cache) for sector @ 0x0001B900 if necessary
T5288 059:590.706    -- Filling invalid ranges in sector buffer (flash cache) for sector @ 0x0001BA00 if necessary
T5288 059:590.737    -- Filling invalid ranges in sector buffer (flash cache) for sector @ 0x0001BB00 if necessary
T5288 059:590.767    -- Filling invalid ranges in sector buffer (flash cache) for sector @ 0x0001BC00 if necessary
T5288 059:590.796    -- Filling invalid ranges in sector buffer (flash cache) for sector @ 0x0001BD00 if necessary
T5288 059:590.827    -- Filling invalid ranges in sector buffer (flash cache) for sector @ 0x0001BE00 if necessary
T5288 059:590.857    -- Filling invalid ranges in sector buffer (flash cache) for sector @ 0x0001BF00 if necessary
T5288 059:590.887    -- Filling invalid ranges in sector buffer (flash cache) for sector @ 0x0001C000 if necessary
T5288 059:590.918    -- Filling invalid ranges in sector buffer (flash cache) for sector @ 0x0001C100 if necessary
T5288 059:590.947    -- Filling invalid ranges in sector buffer (flash cache) for sector @ 0x0001C200 if necessary
T5288 059:590.978    -- Filling invalid ranges in sector buffer (flash cache) for sector @ 0x0001C300 if necessary
T5288 059:591.010    -- Filling invalid ranges in sector buffer (flash cache) for sector @ 0x0001C400 if necessary
T5288 059:591.045    -- Filling invalid ranges in sector buffer (flash cache) for sector @ 0x0001C500 if necessary
T5288 059:591.079    -- Filling invalid ranges in sector buffer (flash cache) for sector @ 0x0001C600 if necessary
T5288 059:591.109    -- Filling invalid ranges in sector buffer (flash cache) for sector @ 0x0001C700 if necessary
T5288 059:591.152    -- Filling invalid ranges in sector buffer (flash cache) for sector @ 0x0001C800 if necessary
T5288 059:591.184    -- Filling invalid ranges in sector buffer (flash cache) for sector @ 0x0001C900 if necessary
T5288 059:591.214    -- Filling invalid ranges in sector buffer (flash cache) for sector @ 0x0001CA00 if necessary
T5288 059:591.244    -- Filling invalid ranges in sector buffer (flash cache) for sector @ 0x0001CB00 if necessary
T5288 059:591.274    -- Filling invalid ranges in sector buffer (flash cache) for sector @ 0x0001CC00 if necessary
T5288 059:591.304    -- Filling invalid ranges in sector buffer (flash cache) for sector @ 0x0001CD00 if necessary
T5288 059:591.334    -- Filling invalid ranges in sector buffer (flash cache) for sector @ 0x0001CE00 if necessary
T5288 059:591.364    -- Filling invalid ranges in sector buffer (flash cache) for sector @ 0x0001CF00 if necessary
T5288 059:591.395    -- Filling invalid ranges in sector buffer (flash cache) for sector @ 0x0001D000 if necessary
T5288 059:591.425    -- Filling invalid ranges in sector buffer (flash cache) for sector @ 0x0001D100 if necessary
T5288 059:591.455    -- Filling invalid ranges in sector buffer (flash cache) for sector @ 0x0001D200 if necessary
T5288 059:591.486    -- Filling invalid ranges in sector buffer (flash cache) for sector @ 0x0001D300 if necessary
T5288 059:591.515    -- Filling invalid ranges in sector buffer (flash cache) for sector @ 0x0001D400 if necessary
T5288 059:591.567    -- Filling invalid ranges in sector buffer (flash cache) for sector @ 0x0001D500 if necessary
T5288 059:591.600    -- Filling invalid ranges in sector buffer (flash cache) for sector @ 0x0001D600 if necessary
T5288 059:591.633    -- Filling invalid ranges in sector buffer (flash cache) for sector @ 0x0001D700 if necessary
T5288 059:591.667    -- Filling invalid ranges in sector buffer (flash cache) for sector @ 0x0001D800 if necessary
T5288 059:591.700    -- Filling invalid ranges in sector buffer (flash cache) for sector @ 0x0001D900 if necessary
T5288 059:591.733    -- Filling invalid ranges in sector buffer (flash cache) for sector @ 0x0001DA00 if necessary
T5288 059:591.766    -- Filling invalid ranges in sector buffer (flash cache) for sector @ 0x0001DB00 if necessary
T5288 059:591.799    -- Filling invalid ranges in sector buffer (flash cache) for sector @ 0x0001DC00 if necessary
T5288 059:591.833    -- Filling invalid ranges in sector buffer (flash cache) for sector @ 0x0001DD00 if necessary
T5288 059:591.866    -- Filling invalid ranges in sector buffer (flash cache) for sector @ 0x0001DE00 if necessary
T5288 059:591.899    -- Filling invalid ranges in sector buffer (flash cache) for sector @ 0x0001DF00 if necessary
T5288 059:591.933    -- Filling invalid ranges in sector buffer (flash cache) for sector @ 0x0001E000 if necessary
T5288 059:591.965    -- Filling invalid ranges in sector buffer (flash cache) for sector @ 0x0001E100 if necessary
T5288 059:591.998    -- Filling invalid ranges in sector buffer (flash cache) for sector @ 0x0001E200 if necessary
T5288 059:592.036    -- Filling invalid ranges in sector buffer (flash cache) for sector @ 0x0001E300 if necessary
T5288 059:592.068    -- Filling invalid ranges in sector buffer (flash cache) for sector @ 0x0001E400 if necessary
T5288 059:592.102    -- Filling invalid ranges in sector buffer (flash cache) for sector @ 0x0001E500 if necessary
T5288 059:592.135    -- Filling invalid ranges in sector buffer (flash cache) for sector @ 0x0001E600 if necessary
T5288 059:592.168    -- Filling invalid ranges in sector buffer (flash cache) for sector @ 0x0001E700 if necessary
T5288 059:592.210    -- Filling invalid ranges in sector buffer (flash cache) for sector @ 0x0001E800 if necessary
T5288 059:592.243    -- Filling invalid ranges in sector buffer (flash cache) for sector @ 0x0001E900 if necessary
T5288 059:592.277    -- Filling invalid ranges in sector buffer (flash cache) for sector @ 0x0001EA00 if necessary
T5288 059:592.310    -- Filling invalid ranges in sector buffer (flash cache) for sector @ 0x0001EB00 if necessary
T5288 059:592.343    -- Filling invalid ranges in sector buffer (flash cache) for sector @ 0x0001EC00 if necessary
T5288 059:592.376    -- Filling invalid ranges in sector buffer (flash cache) for sector @ 0x0001ED00 if necessary
T5288 059:592.409    -- Filling invalid ranges in sector buffer (flash cache) for sector @ 0x0001EE00 if necessary
T5288 059:592.442    -- Filling invalid ranges in sector buffer (flash cache) for sector @ 0x0001EF00 if necessary
T5288 059:592.476    -- Filling invalid ranges in sector buffer (flash cache) for sector @ 0x0001F000 if necessary
T5288 059:592.508    -- Filling invalid ranges in sector buffer (flash cache) for sector @ 0x0001F100 if necessary
T5288 059:592.559    -- Filling invalid ranges in sector buffer (flash cache) for sector @ 0x0001F200 if necessary
T5288 059:592.589    -- Filling invalid ranges in sector buffer (flash cache) for sector @ 0x0001F300 if necessary
T5288 059:592.637    -- Filling invalid ranges in sector buffer (flash cache) for sector @ 0x0001F400 if necessary
T5288 059:592.670    -- Filling invalid ranges in sector buffer (flash cache) for sector @ 0x0001F500 if necessary
T5288 059:592.700    -- Filling invalid ranges in sector buffer (flash cache) for sector @ 0x0001F600 if necessary
T5288 059:592.730    -- Filling invalid ranges in sector buffer (flash cache) for sector @ 0x0001F700 if necessary
T5288 059:592.761    -- Filling invalid ranges in sector buffer (flash cache) for sector @ 0x0001F800 if necessary
T5288 059:592.790    -- Filling invalid ranges in sector buffer (flash cache) for sector @ 0x0001F900 if necessary
T5288 059:592.821    -- Filling invalid ranges in sector buffer (flash cache) for sector @ 0x0001FA00 if necessary
T5288 059:592.852    -- Filling invalid ranges in sector buffer (flash cache) for sector @ 0x0001FB00 if necessary
T5288 059:592.881    -- Filling invalid ranges in sector buffer (flash cache) for sector @ 0x0001FC00 if necessary
T5288 059:592.912    -- Filling invalid ranges in sector buffer (flash cache) for sector @ 0x0001FD00 if necessary
T5288 059:592.942    -- Filling invalid ranges in sector buffer (flash cache) for sector @ 0x0001FE00 if necessary
T5288 059:592.972    -- Filling invalid ranges in sector buffer (flash cache) for sector @ 0x0001FF00 if necessary
T5288 059:593.005    -- Filling invalid ranges in sector buffer (flash cache) for sector @ 0x00020000 if necessary
T5288 059:593.034    -- Filling invalid ranges in sector buffer (flash cache) for sector @ 0x00020100 if necessary
T5288 059:593.065    -- Filling invalid ranges in sector buffer (flash cache) for sector @ 0x00020200 if necessary
T5288 059:593.095    -- Filling invalid ranges in sector buffer (flash cache) for sector @ 0x00020300 if necessary
T5288 059:593.126    -- Filling invalid ranges in sector buffer (flash cache) for sector @ 0x00020400 if necessary
T5288 059:593.156    -- Filling invalid ranges in sector buffer (flash cache) for sector @ 0x00020500 if necessary
T5288 059:593.186    -- Filling invalid ranges in sector buffer (flash cache) for sector @ 0x00020600 if necessary
T5288 059:593.217    -- Filling invalid ranges in sector buffer (flash cache) for sector @ 0x00020700 if necessary
T5288 059:593.247    -- Filling invalid ranges in sector buffer (flash cache) for sector @ 0x00020800 if necessary
T5288 059:593.277    -- Filling invalid ranges in sector buffer (flash cache) for sector @ 0x00020900 if necessary
T5288 059:593.308    -- Filling invalid ranges in sector buffer (flash cache) for sector @ 0x00020A00 if necessary
T5288 059:593.410    -- Filling invalid ranges in sector buffer (flash cache) for sector @ 0x00020B00 if necessary
T5288 059:593.440    -- Filling invalid ranges in sector buffer (flash cache) for sector @ 0x00020C00 if necessary
T5288 059:593.471    -- Filling invalid ranges in sector buffer (flash cache) for sector @ 0x00020D00 if necessary
T5288 059:593.501    -- Filling invalid ranges in sector buffer (flash cache) for sector @ 0x00020E00 if necessary
T5288 059:593.551    -- Filling invalid ranges in sector buffer (flash cache) for sector @ 0x00020F00 if necessary
T5288 059:593.584    -- Filling invalid ranges in sector buffer (flash cache) for sector @ 0x00021000 if necessary
T5288 059:593.616    -- Filling invalid ranges in sector buffer (flash cache) for sector @ 0x00021100 if necessary
T5288 059:593.650    -- Filling invalid ranges in sector buffer (flash cache) for sector @ 0x00021200 if necessary
T5288 059:593.684    -- Filling invalid ranges in sector buffer (flash cache) for sector @ 0x00021300 if necessary
T5288 059:593.717    -- Filling invalid ranges in sector buffer (flash cache) for sector @ 0x00021400 if necessary
T5288 059:593.750    -- Filling invalid ranges in sector buffer (flash cache) for sector @ 0x00021500 if necessary
T5288 059:593.783    -- Filling invalid ranges in sector buffer (flash cache) for sector @ 0x00021600 if necessary
T5288 059:593.817    -- Filling invalid ranges in sector buffer (flash cache) for sector @ 0x00021700 if necessary
T5288 059:593.850    -- Filling invalid ranges in sector buffer (flash cache) for sector @ 0x00021800 if necessary
T5288 059:593.883    -- Filling invalid ranges in sector buffer (flash cache) for sector @ 0x00021900 if necessary
T5288 059:593.916    -- Filling invalid ranges in sector buffer (flash cache) for sector @ 0x00021A00 if necessary
T5288 059:593.949    -- Filling invalid ranges in sector buffer (flash cache) for sector @ 0x00021B00 if necessary
T5288 059:593.982    -- Filling invalid ranges in sector buffer (flash cache) for sector @ 0x00021C00 if necessary
T5288 059:594.021    -- Filling invalid ranges in sector buffer (flash cache) for sector @ 0x00021D00 if necessary
T5288 059:594.053    -- Filling invalid ranges in sector buffer (flash cache) for sector @ 0x00021E00 if necessary
T5288 059:594.087    -- Filling invalid ranges in sector buffer (flash cache) for sector @ 0x00021F00 if necessary
T5288 059:594.119    -- Filling invalid ranges in sector buffer (flash cache) for sector @ 0x00022000 if necessary
T5288 059:594.152    -- Filling invalid ranges in sector buffer (flash cache) for sector @ 0x00022100 if necessary
T5288 059:594.186    -- Filling invalid ranges in sector buffer (flash cache) for sector @ 0x00022200 if necessary
T5288 059:594.229    -- Filling invalid ranges in sector buffer (flash cache) for sector @ 0x00022300 if necessary
T5288 059:594.264    -- Filling invalid ranges in sector buffer (flash cache) for sector @ 0x00022400 if necessary
T5288 059:594.297    -- Filling invalid ranges in sector buffer (flash cache) for sector @ 0x00022500 if necessary
T5288 059:594.330    -- Filling invalid ranges in sector buffer (flash cache) for sector @ 0x00022600 if necessary
T5288 059:594.363    -- Filling invalid ranges in sector buffer (flash cache) for sector @ 0x00022700 if necessary
T5288 059:594.396    -- Filling invalid ranges in sector buffer (flash cache) for sector @ 0x00022800 if necessary
T5288 059:594.429    -- Filling invalid ranges in sector buffer (flash cache) for sector @ 0x00022900 if necessary
T5288 059:594.462    -- Filling invalid ranges in sector buffer (flash cache) for sector @ 0x00022A00 if necessary
T5288 059:594.495    -- Filling invalid ranges in sector buffer (flash cache) for sector @ 0x00022B00 if necessary
T5288 059:594.529    -- Filling invalid ranges in sector buffer (flash cache) for sector @ 0x00022C00 if necessary
T5288 059:594.561    -- Filling invalid ranges in sector buffer (flash cache) for sector @ 0x00022D00 if necessary
T5288 059:594.669    -- Filling invalid ranges in sector buffer (flash cache) for sector @ 0x00022E00 if necessary
T5288 059:594.703    -- Filling invalid ranges in sector buffer (flash cache) for sector @ 0x00022F00 if necessary
T5288 059:594.736    -- Filling invalid ranges in sector buffer (flash cache) for sector @ 0x00023000 if necessary
T5288 059:594.769    -- Filling invalid ranges in sector buffer (flash cache) for sector @ 0x00023100 if necessary
T5288 059:594.802    -- Filling invalid ranges in sector buffer (flash cache) for sector @ 0x00023200 if necessary
T5288 059:594.835    -- Filling invalid ranges in sector buffer (flash cache) for sector @ 0x00023300 if necessary
T5288 059:594.868    -- Filling invalid ranges in sector buffer (flash cache) for sector @ 0x00023400 if necessary
T5288 059:594.901    -- Filling invalid ranges in sector buffer (flash cache) for sector @ 0x00023500 if necessary
T5288 059:594.934    -- Filling invalid ranges in sector buffer (flash cache) for sector @ 0x00023600 if necessary
T5288 059:594.968    -- Filling invalid ranges in sector buffer (flash cache) for sector @ 0x00023700 if necessary
T5288 059:595.003    -- Filling invalid ranges in sector buffer (flash cache) for sector @ 0x00023800 if necessary
T5288 059:595.036    -- Filling invalid ranges in sector buffer (flash cache) for sector @ 0x00023900 if necessary
T5288 059:595.069    -- Filling invalid ranges in sector buffer (flash cache) for sector @ 0x00023A00 if necessary
T5288 059:595.103    -- Filling invalid ranges in sector buffer (flash cache) for sector @ 0x00023B00 if necessary
T5288 059:595.136    -- Filling invalid ranges in sector buffer (flash cache) for sector @ 0x00023C00 if necessary
T5288 059:595.169    -- Filling invalid ranges in sector buffer (flash cache) for sector @ 0x00023D00 if necessary
T5288 059:595.203    -- Filling invalid ranges in sector buffer (flash cache) for sector @ 0x00023E00 if necessary
T5288 059:595.236    -- Filling invalid ranges in sector buffer (flash cache) for sector @ 0x00023F00 if necessary
T5288 059:595.269    -- Filling invalid ranges in sector buffer (flash cache) for sector @ 0x00024000 if necessary
T5288 059:595.303    -- Filling invalid ranges in sector buffer (flash cache) for sector @ 0x00024100 if necessary
T5288 059:595.335    -- Filling invalid ranges in sector buffer (flash cache) for sector @ 0x00024200 if necessary
T5288 059:595.368    -- Filling invalid ranges in sector buffer (flash cache) for sector @ 0x00024300 if necessary
T5288 059:595.402    -- Filling invalid ranges in sector buffer (flash cache) for sector @ 0x00024400 if necessary
T5288 059:595.455    -- Filling invalid ranges in sector buffer (flash cache) for sector @ 0x00024500 if necessary
T5288 059:595.490    -- Filling invalid ranges in sector buffer (flash cache) for sector @ 0x00024600 if necessary
T5288 059:595.523    -- Filling invalid ranges in sector buffer (flash cache) for sector @ 0x00024700 if necessary
T5288 059:595.556    -- Filling invalid ranges in sector buffer (flash cache) for sector @ 0x00024800 if necessary
T5288 059:595.589    -- Filling invalid ranges in sector buffer (flash cache) for sector @ 0x00024900 if necessary
T5288 059:595.622    -- Filling invalid ranges in sector buffer (flash cache) for sector @ 0x00024A00 if necessary
T5288 059:595.655    -- Filling invalid ranges in sector buffer (flash cache) for sector @ 0x00024B00 if necessary
T5288 059:595.689    -- Filling invalid ranges in sector buffer (flash cache) for sector @ 0x00024C00 if necessary
T5288 059:595.721    -- Filling invalid ranges in sector buffer (flash cache) for sector @ 0x00024D00 if necessary
T5288 059:595.755    -- Filling invalid ranges in sector buffer (flash cache) for sector @ 0x00024E00 if necessary
T5288 059:595.788    -- Filling invalid ranges in sector buffer (flash cache) for sector @ 0x00024F00 if necessary
T5288 059:595.820    -- Filling invalid ranges in sector buffer (flash cache) for sector @ 0x00025000 if necessary
T5288 059:595.853    -- Filling invalid ranges in sector buffer (flash cache) for sector @ 0x00025100 if necessary
T5288 059:595.954    -- Filling invalid ranges in sector buffer (flash cache) for sector @ 0x00025200 if necessary
T5288 059:595.993    -- Filling invalid ranges in sector buffer (flash cache) for sector @ 0x00025300 if necessary
T5288 059:596.036    -- Filling invalid ranges in sector buffer (flash cache) for sector @ 0x00025400 if necessary
T5288 059:596.069    -- Filling invalid ranges in sector buffer (flash cache) for sector @ 0x00025500 if necessary
T5288 059:596.103    -- Filling invalid ranges in sector buffer (flash cache) for sector @ 0x00025600 if necessary
T5288 059:596.135    -- Filling invalid ranges in sector buffer (flash cache) for sector @ 0x00025700 if necessary
T5288 059:596.169    -- Filling invalid ranges in sector buffer (flash cache) for sector @ 0x00025800 if necessary
T5288 059:596.202    -- Filling invalid ranges in sector buffer (flash cache) for sector @ 0x00025900 if necessary
T5288 059:596.235    -- Filling invalid ranges in sector buffer (flash cache) for sector @ 0x00025A00 if necessary
T5288 059:596.268    -- Filling invalid ranges in sector buffer (flash cache) for sector @ 0x00025B00 if necessary
T5288 059:596.301    -- Filling invalid ranges in sector buffer (flash cache) for sector @ 0x00025C00 if necessary
T5288 059:596.334    -- Filling invalid ranges in sector buffer (flash cache) for sector @ 0x00025D00 if necessary
T5288 059:596.367    -- Filling invalid ranges in sector buffer (flash cache) for sector @ 0x00025E00 if necessary
T5288 059:596.400    -- Filling invalid ranges in sector buffer (flash cache) for sector @ 0x00025F00 if necessary
T5288 059:596.433    -- Filling invalid ranges in sector buffer (flash cache) for sector @ 0x00026000 if necessary
T5288 059:596.467    -- Filling invalid ranges in sector buffer (flash cache) for sector @ 0x00026100 if necessary
T5288 059:596.499    -- Filling invalid ranges in sector buffer (flash cache) for sector @ 0x00026200 if necessary
T5288 059:596.533    -- Filling invalid ranges in sector buffer (flash cache) for sector @ 0x00026300 if necessary
T5288 059:596.567    -- Filling invalid ranges in sector buffer (flash cache) for sector @ 0x00026400 if necessary
T5288 059:596.600    -- Filling invalid ranges in sector buffer (flash cache) for sector @ 0x00026500 if necessary
T5288 059:596.633    -- Filling invalid ranges in sector buffer (flash cache) for sector @ 0x00026600 if necessary
T5288 059:596.666    -- Filling invalid ranges in sector buffer (flash cache) for sector @ 0x00026700 if necessary
T5288 059:596.700    -- Filling invalid ranges in sector buffer (flash cache) for sector @ 0x00026800 if necessary
T5288 059:596.733    -- Filling invalid ranges in sector buffer (flash cache) for sector @ 0x00026900 if necessary
T5288 059:596.766    -- Filling invalid ranges in sector buffer (flash cache) for sector @ 0x00026A00 if necessary
T5288 059:596.800    -- Filling invalid ranges in sector buffer (flash cache) for sector @ 0x00026B00 if necessary
T5288 059:596.832    -- Filling invalid ranges in sector buffer (flash cache) for sector @ 0x00026C00 if necessary
T5288 059:596.865    -- Filling invalid ranges in sector buffer (flash cache) for sector @ 0x00026D00 if necessary
T5288 059:596.899    -- Filling invalid ranges in sector buffer (flash cache) for sector @ 0x00026E00 if necessary
T5288 059:596.931    -- Filling invalid ranges in sector buffer (flash cache) for sector @ 0x00026F00 if necessary
T5288 059:596.964    -- Filling invalid ranges in sector buffer (flash cache) for sector @ 0x00027000 if necessary
T5288 059:597.000    -- Filling invalid ranges in sector buffer (flash cache) for sector @ 0x00027100 if necessary
T5288 059:597.033    -- Filling invalid ranges in sector buffer (flash cache) for sector @ 0x00027200 if necessary
T5288 059:597.066    -- Filling invalid ranges in sector buffer (flash cache) for sector @ 0x00027300 if necessary
T5288 059:597.099    -- Filling invalid ranges in sector buffer (flash cache) for sector @ 0x00027400 if necessary
T5288 059:597.204    -- Filling invalid ranges in sector buffer (flash cache) for sector @ 0x00027500 if necessary
T5288 059:597.238    -- Filling invalid ranges in sector buffer (flash cache) for sector @ 0x00027600 if necessary
T5288 059:597.270    -- Filling invalid ranges in sector buffer (flash cache) for sector @ 0x00027700 if necessary
T5288 059:597.305    -- Filling invalid ranges in sector buffer (flash cache) for sector @ 0x00027800 if necessary
T5288 059:597.338    -- Filling invalid ranges in sector buffer (flash cache) for sector @ 0x00027900 if necessary
T5288 059:597.371    -- Filling invalid ranges in sector buffer (flash cache) for sector @ 0x00027A00 if necessary
T5288 059:597.404    -- Filling invalid ranges in sector buffer (flash cache) for sector @ 0x00027B00 if necessary
T5288 059:597.437    -- Filling invalid ranges in sector buffer (flash cache) for sector @ 0x00027C00 if necessary
T5288 059:597.470    -- Filling invalid ranges in sector buffer (flash cache) for sector @ 0x00027D00 if necessary
T5288 059:597.504    -- Filling invalid ranges in sector buffer (flash cache) for sector @ 0x00027E00 if necessary
T5288 059:597.536    -- Filling invalid ranges in sector buffer (flash cache) for sector @ 0x00027F00 if necessary
T5288 059:597.570    -- Filling invalid ranges in sector buffer (flash cache) for sector @ 0x00028000 if necessary
T5288 059:597.602    -- Filling invalid ranges in sector buffer (flash cache) for sector @ 0x00028100 if necessary
T5288 059:597.635    -- Filling invalid ranges in sector buffer (flash cache) for sector @ 0x00028200 if necessary
T5288 059:597.669    -- Filling invalid ranges in sector buffer (flash cache) for sector @ 0x00028300 if necessary
T5288 059:597.701    -- Filling invalid ranges in sector buffer (flash cache) for sector @ 0x00028400 if necessary
T5288 059:597.735    -- Filling invalid ranges in sector buffer (flash cache) for sector @ 0x00028500 if necessary
T5288 059:597.768    -- Filling invalid ranges in sector buffer (flash cache) for sector @ 0x00028600 if necessary
T5288 059:597.800    -- Filling invalid ranges in sector buffer (flash cache) for sector @ 0x00028700 if necessary
T5288 059:597.834    -- Filling invalid ranges in sector buffer (flash cache) for sector @ 0x00028800 if necessary
T5288 059:597.868    -- Filling invalid ranges in sector buffer (flash cache) for sector @ 0x00028900 if necessary
T5288 059:597.900    -- Filling invalid ranges in sector buffer (flash cache) for sector @ 0x00028A00 if necessary
T5288 059:597.934    -- Filling invalid ranges in sector buffer (flash cache) for sector @ 0x00028B00 if necessary
T5288 059:597.966    -- Filling invalid ranges in sector buffer (flash cache) for sector @ 0x00028C00 if necessary
T5288 059:598.003    -- Filling invalid ranges in sector buffer (flash cache) for sector @ 0x00028D00 if necessary
T5288 059:598.036    -- Filling invalid ranges in sector buffer (flash cache) for sector @ 0x00028E00 if necessary
T5288 059:598.069    -- Filling invalid ranges in sector buffer (flash cache) for sector @ 0x00028F00 if necessary
T5288 059:598.102    -- Filling invalid ranges in sector buffer (flash cache) for sector @ 0x00029000 if necessary
T5288 059:598.135    -- Filling invalid ranges in sector buffer (flash cache) for sector @ 0x00029100 if necessary
T5288 059:598.169    -- Filling invalid ranges in sector buffer (flash cache) for sector @ 0x00029200 if necessary
T5288 059:598.202    -- Filling invalid ranges in sector buffer (flash cache) for sector @ 0x00029300 if necessary
T5288 059:598.235    -- Filling invalid ranges in sector buffer (flash cache) for sector @ 0x00029400 if necessary
T5288 059:598.269    -- Filling invalid ranges in sector buffer (flash cache) for sector @ 0x00029500 if necessary
T5288 059:598.323    -- Filling invalid ranges in sector buffer (flash cache) for sector @ 0x00029600 if necessary
T5288 059:598.358    -- Filling invalid ranges in sector buffer (flash cache) for sector @ 0x00029700 if necessary
T5288 059:598.460    -- Filling invalid ranges in sector buffer (flash cache) for sector @ 0x00029800 if necessary
T5288 059:598.493    -- Filling invalid ranges in sector buffer (flash cache) for sector @ 0x00029900 if necessary
T5288 059:598.526    -- Filling invalid ranges in sector buffer (flash cache) for sector @ 0x00029A00 if necessary
T5288 059:598.560    -- Filling invalid ranges in sector buffer (flash cache) for sector @ 0x00029B00 if necessary
T5288 059:598.592    -- Filling invalid ranges in sector buffer (flash cache) for sector @ 0x00029C00 if necessary
T5288 059:598.626    -- Filling invalid ranges in sector buffer (flash cache) for sector @ 0x00029D00 if necessary
T5288 059:598.659    -- Filling invalid ranges in sector buffer (flash cache) for sector @ 0x00029E00 if necessary
T5288 059:598.692    -- Filling invalid ranges in sector buffer (flash cache) for sector @ 0x00029F00 if necessary
T5288 059:598.725    -- Filling invalid ranges in sector buffer (flash cache) for sector @ 0x0002A000 if necessary
T5288 059:598.758    -- Filling invalid ranges in sector buffer (flash cache) for sector @ 0x0002A100 if necessary
T5288 059:598.792    -- Filling invalid ranges in sector buffer (flash cache) for sector @ 0x0002A200 if necessary
T5288 059:598.825    -- Filling invalid ranges in sector buffer (flash cache) for sector @ 0x0002A300 if necessary
T5288 059:598.858    -- Filling invalid ranges in sector buffer (flash cache) for sector @ 0x0002A400 if necessary
T5288 059:598.892    -- Filling invalid ranges in sector buffer (flash cache) for sector @ 0x0002A500 if necessary
T5288 059:598.925    -- Filling invalid ranges in sector buffer (flash cache) for sector @ 0x0002A600 if necessary
T5288 059:598.958    -- Filling invalid ranges in sector buffer (flash cache) for sector @ 0x0002A700 if necessary
T5288 059:598.995    -- Filling invalid ranges in sector buffer (flash cache) for sector @ 0x0002A800 if necessary
T5288 059:599.028    -- Filling invalid ranges in sector buffer (flash cache) for sector @ 0x0002A900 if necessary
T5288 059:599.062    -- Filling invalid ranges in sector buffer (flash cache) for sector @ 0x0002AA00 if necessary
T5288 059:599.095    -- Filling invalid ranges in sector buffer (flash cache) for sector @ 0x0002AB00 if necessary
T5288 059:599.128    -- Filling invalid ranges in sector buffer (flash cache) for sector @ 0x0002AC00 if necessary
T5288 059:599.162    -- Filling invalid ranges in sector buffer (flash cache) for sector @ 0x0002AD00 if necessary
T5288 059:599.194    -- Filling invalid ranges in sector buffer (flash cache) for sector @ 0x0002AE00 if necessary
T5288 059:599.228    -- Filling invalid ranges in sector buffer (flash cache) for sector @ 0x0002AF00 if necessary
T5288 059:599.261    -- Filling invalid ranges in sector buffer (flash cache) for sector @ 0x0002B000 if necessary
T5288 059:599.293    -- Filling invalid ranges in sector buffer (flash cache) for sector @ 0x0002B100 if necessary
T5288 059:599.327    -- Filling invalid ranges in sector buffer (flash cache) for sector @ 0x0002B200 if necessary
T5288 059:599.360    -- Filling invalid ranges in sector buffer (flash cache) for sector @ 0x0002B300 if necessary
T5288 059:599.392    -- Filling invalid ranges in sector buffer (flash cache) for sector @ 0x0002B400 if necessary
T5288 059:599.426    -- Filling invalid ranges in sector buffer (flash cache) for sector @ 0x0002B500 if necessary
T5288 059:599.544    -- End of determining dirty areas
T5288 059:599.579    -- Start of preparing flash programming
T5288 059:599.612    -- Calculating RAM usage
T5288 059:599.662    -- RAM usage = 10052 Bytes
T5288 059:599.697    -- Preserving CPU registers
T5288 059:599.769    -- Preparing target
T5288 059:599.803    -- Preserving target RAM temporarily used for programming
T5288 059:653.557    -- Downloading RAMCode
T5288 059:670.962    -- Preparing RAMCode
T5288 059:678.302    -- End of preparing flash programming
T5288 059:686.346    -- CPU speed could not be measured.
T5288 059:686.411    -- Start of comparing flash
T5288 059:686.590    -- CRC check was estimated as fastest method
T5288 059:788.406    -- Comparing range 0x0000 - 0x1FFFF (512 Sectors, 128 KB), using multi-block CRC calculation
T5288 059:908.991    -- All CRCs match
T5288 059:913.784    -- Comparing range 0x20000 - 0x2B5FF (182 Sectors, 45 KB), using multi-block CRC calculation
T5288 059:969.770    -- All CRCs match
T5288 059:971.578    -- Comparing range 0x0000 - 0x1FFFF (512 Sectors, 128 KB), using alternative multi-block CRC calculation
T5288 060:076.219    -- All CRCs match
T5288 060:077.444    -- Comparing range 0x20000 - 0x2B5FF (182 Sectors, 45 KB), using alternative multi-block CRC calculation
T5288 060:117.499    -- All CRCs match
T5288 060:117.573    -- End of comparing flash
T5288 060:117.619    -- Start of erasing sectors
T5288 060:117.655    -- End of erasing sectors
T5288 060:117.691    -- Start of flash programming
T5288 060:117.727    -- End of flash programming
T5288 060:117.763    -- Start of restoring
T5288 060:117.800    -- Restoring RAMCode
T5288 060:123.700    -- Restoring target memory
T5288 060:173.548    -- Restore target
T5288 060:173.637    -- Restoring CPU registers
T5288 060:173.709    -- End of restoring
T5288 060:173.837    -- Bank 0 @ 0x00000000: Skipped. Contents already match
T5288 060:173.875    -- Bank 0 @ 0x00000000: Skipped. Contents already match
T5288 060:192.293 - 617.982ms returns 0 (0x0)
T5288 060:193.383 JLINK_ResetPullsRESET(ON)
T5288 060:193.439 - 0.056ms
T5288 060:193.471 JLINK_ResetNoHalt()
T5288 060:194.183   InitTarget() start
T5288 060:194.240    J-Link Script File: Executing InitTarget()
T5288 060:194.306   InitTarget()
T5288 060:200.215   InitTarget() end - Took 5.90ms
T5288 060:201.779   Found SW-DP with ID 0x0BC11477
T5288 060:205.597   DPIDR: 0x0BC11477
T5288 060:205.682   CoreSight SoC-400 or earlier
T5288 060:205.748   AP map detection skipped. Manually configured AP map found.
T5288 060:205.809   AP[0]: AHB-AP (IDR: Not set)
T5288 060:207.326   AP[0]: Core found
T5288 060:207.423   AP[0]: AHB-AP ROM base: 0x41003000
T5288 060:208.334   CPUID register: 0x410CC601. Implementer code: 0x41 (ARM)
T5288 060:208.465   Found Cortex-M0 r0p1, Little endian.
T5288 060:209.009   -- Max. mem block: 0x00002860
T5288 060:209.171   Cortex-M: The connected J-Link (S/N 801048352) uses an old firmware module: V1 (current is 2)
T5288 060:209.223   CPU_ReadMem(4 bytes @ 0xE000EDF0)
T5288 060:209.787   CPU_ReadMem(4 bytes @ 0xE0002000)
T5288 060:210.754   FPUnit: 4 code (BP) slots and 0 literal slots
T5288 060:210.817   CPU_ReadMem(4 bytes @ 0xE000EDFC)
T5288 060:211.508   CPU_ReadMem(4 bytes @ 0xE0001000)
T5288 060:212.271   CoreSight components:
T5288 060:212.365   ROMTbl[0] @ 41003000
T5288 060:212.410   CPU_ReadMem(64 bytes @ 0x41003000)
T5288 060:213.477   CPU_ReadMem(32 bytes @ 0xE00FFFE0)
T5288 060:214.467   [0][0]: E00FF000 CID B105100D PID 000BB4C0 ROM Table
T5288 060:214.554   ROMTbl[1] @ E00FF000
T5288 060:214.598   CPU_ReadMem(64 bytes @ 0xE00FF000)
T5288 060:215.620   CPU_ReadMem(32 bytes @ 0xE000EFE0)
T5288 060:216.498   [1][0]: E000E000 CID B105E00D PID 000BB008 SCS
T5288 060:216.561   CPU_ReadMem(32 bytes @ 0xE0001FE0)
T5288 060:217.697   [1][1]: E0001000 CID B105E00D PID 000BB00A DWT
T5288 060:217.761   CPU_ReadMem(32 bytes @ 0xE0002FE0)
T5288 060:218.905   [1][2]: E0002000 CID B105E00D PID 000BB00B FPB
T5288 060:218.968   CPU_ReadMem(32 bytes @ 0x41006FE0)
T5288 060:220.046   [0][1]: 41006000 CID B105900D PID 001BB932 MTB-M0+
T5288 060:220.156   JLINK_Reset()
T5288 060:220.195     CPU_ReadMem(4 bytes @ 0x20000000)
T5288 060:221.048     CPU_WriteMem(4 bytes @ 0x20000000)
T5288 060:222.063     ResetTarget() start
T5288 060:222.121      J-Link Script File: Executing ResetTarget()
T5288 060:223.015     CPU_ReadMem(4 bytes @ 0xE000EDFC)
T5288 060:223.880     CPU_WriteMem(4 bytes @ 0xE000EDFC)
T5288 060:224.814     CPU_WriteMem(4 bytes @ 0xE000ED0C)
T5288 060:227.427     CPU_ReadMem(4 bytes @ 0xE000EDF0)
T5288 060:228.292     CPU_ReadMem(4 bytes @ 0x41002100)
T5288 060:229.262     CPU_WriteMem(4 bytes @ 0xE000EDFC)
T5288 060:230.173     ResetTarget() end - Took 7.98ms
T5288 060:235.106     CPU_WriteMem(4 bytes @ 0xE0002000)
T5288 060:236.017     CPU_ReadMem(4 bytes @ 0xE000EDFC)
T5288 060:236.968     CPU_ReadMem(4 bytes @ 0xE0001000)
T5288 060:237.796     CPU_WriteMem(4 bytes @ 0xE0001000)
T5288 060:238.697   - 18.539ms
T5288 060:238.754   JLINK_Go()
T5288 060:238.798     CPU_ReadMem(4 bytes @ 0xE0001000)
T5288 060:239.628     CPU_WriteMem(4 bytes @ 0xE0001000)
T5288 060:240.617     CPU_WriteMem(4 bytes @ 0xE0001004)
T5288 060:242.584     Memory map 'after startup completion point' is active
T5288 060:242.643   - 3.888ms
T5288 060:242.673 - 49.201ms
T5288 060:251.761 JLINK_Close()
T5288 060:274.034 - 22.270ms
T5288 060:274.100   
T5288 060:274.123   Closed
