T4E5C 84958:993.218   SEGGER J-Link V7.94b Log File
T4E5C 84958:993.283   DLL Compiled: Dec 13 2023 16:59:46
T4E5C 84958:993.302   Logging started @ 2023-12-19 02:01
T4E5C 84958:993.318   Process: C:\Program Files (x86)\Atmel\Studio\7.0\atbackend\atbackend.exe
T4E5C 84958:993.336 - 126533.653ms
T4E5C 84959:103.962 JLINK_ExecCommand("Device = ATSAMD21G18A", ...). 
T4E5C 84959:104.321   Device "ATSAMD21G18A" selected.
T4E5C 84959:104.641 - 0.616ms returns 0x00
T4E5C 84959:113.936 JLINK_TIF_Select(JLINKARM_TIF_SWD)
T4E5C 84959:115.326 - 1.388ms returns 0x00
T4E5C 84959:115.407 JLINK_SetSpeed(4000)
T4E5C 84959:115.726 - 0.318ms
T4E5C 84959:115.808 JLINK_ResetPullsRESET(OFF)
T4E5C 84959:115.831 - 0.023ms
T4E5C 84959:115.852 JLINK_Connect()
T4E5C 84959:116.584   InitTarget() start
T4E5C 84959:116.605    J-Link Script File: Executing InitTarget()
T4E5C 84959:116.627   InitTarget()
T4E5C 84959:120.649   InitTarget() end - Took 3.97ms
T4E5C 84959:121.599   Found SW-DP with ID 0x0BC11477
T4E5C 84959:124.618   DPIDR: 0x0BC11477
T4E5C 84959:124.659   CoreSight SoC-400 or earlier
T4E5C 84959:124.694   Scanning AP map to find all available APs
T4E5C 84959:125.594   AP[1]: Stopped AP scan as end of AP map has been reached
T4E5C 84959:125.615   AP[0]: AHB-AP (IDR: 0x04770031)
T4E5C 84959:125.673   Iterating through AP map to find AHB-AP to use
T4E5C 84959:126.967   AP[0]: Core found
T4E5C 84959:127.038   AP[0]: AHB-AP ROM base: 0x41003000
T4E5C 84959:127.598   CPUID register: 0x410CC601. Implementer code: 0x41 (ARM)
T4E5C 84959:127.626   Found Cortex-M0 r0p1, Little endian.
T4E5C 84959:128.266   -- Max. mem block: 0x00002BA8
T4E5C 84959:128.993   Cortex-M: The connected J-Link (S/N 801048352) uses an old firmware module: V1 (current is 2)
T4E5C 84959:129.015   CPU_ReadMem(4 bytes @ 0xE000EDF0)
T4E5C 84959:129.574   CPU_WriteMem(4 bytes @ 0xE000EDF0)
T4E5C 84959:130.091   CPU_ReadMem(4 bytes @ 0xE0002000)
T4E5C 84959:130.705   FPUnit: 4 code (BP) slots and 0 literal slots
T4E5C 84959:130.722   CPU_ReadMem(4 bytes @ 0xE000EDFC)
T4E5C 84959:131.256   CPU_WriteMem(4 bytes @ 0xE000EDFC)
T4E5C 84959:131.682   CPU_ReadMem(4 bytes @ 0xE0001000)
T4E5C 84959:132.183   CPU_WriteMem(4 bytes @ 0xE0001000)
T4E5C 84959:132.705   CoreSight components:
T4E5C 84959:132.730   ROMTbl[0] @ 41003000
T4E5C 84959:132.741   CPU_ReadMem(64 bytes @ 0x41003000)
T4E5C 84959:133.576   CPU_ReadMem(32 bytes @ 0xE00FFFE0)
T4E5C 84959:134.255   [0][0]: E00FF000 CID B105100D PID 000BB4C0 ROM Table
T4E5C 84959:134.291   ROMTbl[1] @ E00FF000
T4E5C 84959:134.307   CPU_ReadMem(64 bytes @ 0xE00FF000)
T4E5C 84959:135.195   CPU_ReadMem(32 bytes @ 0xE000EFE0)
T4E5C 84959:135.986   [1][0]: E000E000 CID B105E00D PID 000BB008 SCS
T4E5C 84959:136.001   CPU_ReadMem(32 bytes @ 0xE0001FE0)
T4E5C 84959:136.656   [1][1]: E0001000 CID B105E00D PID 000BB00A DWT
T4E5C 84959:136.673   CPU_ReadMem(32 bytes @ 0xE0002FE0)
T4E5C 84959:137.434   [1][2]: E0002000 CID B105E00D PID 000BB00B FPB
T4E5C 84959:137.453   CPU_ReadMem(32 bytes @ 0x41006FE0)
T4E5C 84959:138.192   [0][1]: 41006000 CID B105900D PID 001BB932 MTB-M0+
T4E5C 84959:138.219 - 22.366ms returns 0x00
T4E5C 84959:138.272 JLINK_ExecCommand("ExcludeFlashCacheRange 0x0 - 0x40000", ...). 
T4E5C 84959:138.288 - 0.001ms returns 0x00
T4E5C 84959:138.314 JLINK_Halt()
T4E5C 84959:141.614 - 3.298ms returns 0x00
T4E5C 84959:143.273 JLINK_JTAG_GetDeviceID(DeviceIndex = 0)
T4E5C 84959:143.291 - 0.017ms returns 0
T4E5C 84959:143.303 JLINK_ReadMemU32(0x41002018, 0x1 Items)
T4E5C 84959:143.323   CPU_ReadMem(4 bytes @ 0x41002018)
T4E5C 84959:143.877   Data:  05 03 01 10
T4E5C 84959:143.893 - 0.589ms returns 1 (0x1)
T4D0C 84959:153.835 JLINK_IsHalted()
T4D0C 84959:154.365 - 0.530ms returns TRUE
T4D0C 84959:154.383 JLINK_GetMOEs(...)
T4D0C 84959:154.395   CPU_ReadMem(4 bytes @ 0xE000ED30)
T4D0C 84959:154.909 - 0.525ms returns 0x01
T4D0C 84959:154.931 JLINK_ReadReg(R15 (PC))
T4D0C 84959:154.944 - 0.013ms returns 0x0000C8E8
T4E5C 84959:175.377 JLINK_BeginDownload(Flags = 0x00000000)
T4E5C 84959:175.396 - 0.020ms
T4E5C 84959:175.502 JLINK_WriteMem(0x00000000, 0xD4E8 Bytes, ...)
T4E5C 84959:175.515   Data:  08 2D 00 20 01 6F 00 00 F9 6F 00 00 F9 6F 00 00 ...
T4E5C 84959:175.805   completely In flash
T4E5C 84959:175.824 - 0.322ms returns 0xD4E8
T4E5C 84959:175.985 JLINK_WriteMem(0x0000D4E8, 0xC4 Bytes, ...)
T4E5C 84959:176.000   Data:  40 1F 00 00 08 00 00 00 11 01 00 00 30 3A 73 64 ...
T4E5C 84959:176.021   completely In flash
T4E5C 84959:176.036 - 0.051ms returns 0xC4
T4D0C 84959:356.286 JLINK_IsHalted()
T4D0C 84959:356.310 - 0.024ms returns TRUE
T4E5C 84959:356.825 JLINK_EndDownload()
T4E5C 84959:357.252   CPU_ReadMem(4 bytes @ 0x41006004)
T4E5C 84959:357.695   CPU_ReadMem(4 bytes @ 0xE000ED90)
T4E5C 84959:358.173    -- --------------------------------------
T4E5C 84959:358.189    -- Flash bank @ 0x00000000: Default: L2 verify disabled because algorithm performs L1 verify
T4E5C 84959:358.198    -- Start of determining dirty areas in flash cache
T4E5C 84959:358.209    -- Filling invalid ranges in sector buffer (flash cache) for sector @ 0x00000000 if necessary
T4E5C 84959:358.219    -- Filling invalid ranges in sector buffer (flash cache) for sector @ 0x00000100 if necessary
T4E5C 84959:358.229    -- Filling invalid ranges in sector buffer (flash cache) for sector @ 0x00000200 if necessary
T4E5C 84959:358.239    -- Filling invalid ranges in sector buffer (flash cache) for sector @ 0x00000300 if necessary
T4E5C 84959:358.249    -- Filling invalid ranges in sector buffer (flash cache) for sector @ 0x00000400 if necessary
T4E5C 84959:358.258    -- Filling invalid ranges in sector buffer (flash cache) for sector @ 0x00000500 if necessary
T4E5C 84959:358.272    -- Filling invalid ranges in sector buffer (flash cache) for sector @ 0x00000600 if necessary
T4E5C 84959:358.282    -- Filling invalid ranges in sector buffer (flash cache) for sector @ 0x00000700 if necessary
T4E5C 84959:358.292    -- Filling invalid ranges in sector buffer (flash cache) for sector @ 0x00000800 if necessary
T4E5C 84959:358.301    -- Filling invalid ranges in sector buffer (flash cache) for sector @ 0x00000900 if necessary
T4E5C 84959:358.310    -- Filling invalid ranges in sector buffer (flash cache) for sector @ 0x00000A00 if necessary
T4E5C 84959:358.319    -- Filling invalid ranges in sector buffer (flash cache) for sector @ 0x00000B00 if necessary
T4E5C 84959:358.330    -- Filling invalid ranges in sector buffer (flash cache) for sector @ 0x00000C00 if necessary
T4E5C 84959:358.340    -- Filling invalid ranges in sector buffer (flash cache) for sector @ 0x00000D00 if necessary
T4E5C 84959:358.350    -- Filling invalid ranges in sector buffer (flash cache) for sector @ 0x00000E00 if necessary
T4E5C 84959:358.359    -- Filling invalid ranges in sector buffer (flash cache) for sector @ 0x00000F00 if necessary
T4E5C 84959:358.369    -- Filling invalid ranges in sector buffer (flash cache) for sector @ 0x00001000 if necessary
T4E5C 84959:358.378    -- Filling invalid ranges in sector buffer (flash cache) for sector @ 0x00001100 if necessary
T4E5C 84959:358.388    -- Filling invalid ranges in sector buffer (flash cache) for sector @ 0x00001200 if necessary
T4E5C 84959:358.398    -- Filling invalid ranges in sector buffer (flash cache) for sector @ 0x00001300 if necessary
T4E5C 84959:358.407    -- Filling invalid ranges in sector buffer (flash cache) for sector @ 0x00001400 if necessary
T4E5C 84959:358.416    -- Filling invalid ranges in sector buffer (flash cache) for sector @ 0x00001500 if necessary
T4E5C 84959:358.426    -- Filling invalid ranges in sector buffer (flash cache) for sector @ 0x00001600 if necessary
T4E5C 84959:358.435    -- Filling invalid ranges in sector buffer (flash cache) for sector @ 0x00001700 if necessary
T4E5C 84959:358.444    -- Filling invalid ranges in sector buffer (flash cache) for sector @ 0x00001800 if necessary
T4E5C 84959:358.453    -- Filling invalid ranges in sector buffer (flash cache) for sector @ 0x00001900 if necessary
T4E5C 84959:358.462    -- Filling invalid ranges in sector buffer (flash cache) for sector @ 0x00001A00 if necessary
T4E5C 84959:358.506    -- Filling invalid ranges in sector buffer (flash cache) for sector @ 0x00001B00 if necessary
T4E5C 84959:358.515    -- Filling invalid ranges in sector buffer (flash cache) for sector @ 0x00001C00 if necessary
T4E5C 84959:358.525    -- Filling invalid ranges in sector buffer (flash cache) for sector @ 0x00001D00 if necessary
T4E5C 84959:358.541    -- Filling invalid ranges in sector buffer (flash cache) for sector @ 0x00001E00 if necessary
T4E5C 84959:358.551    -- Filling invalid ranges in sector buffer (flash cache) for sector @ 0x00001F00 if necessary
T4E5C 84959:358.560    -- Filling invalid ranges in sector buffer (flash cache) for sector @ 0x00002000 if necessary
T4E5C 84959:358.569    -- Filling invalid ranges in sector buffer (flash cache) for sector @ 0x00002100 if necessary
T4E5C 84959:358.578    -- Filling invalid ranges in sector buffer (flash cache) for sector @ 0x00002200 if necessary
T4E5C 84959:358.588    -- Filling invalid ranges in sector buffer (flash cache) for sector @ 0x00002300 if necessary
T4E5C 84959:358.597    -- Filling invalid ranges in sector buffer (flash cache) for sector @ 0x00002400 if necessary
T4E5C 84959:358.606    -- Filling invalid ranges in sector buffer (flash cache) for sector @ 0x00002500 if necessary
T4E5C 84959:358.615    -- Filling invalid ranges in sector buffer (flash cache) for sector @ 0x00002600 if necessary
T4E5C 84959:358.625    -- Filling invalid ranges in sector buffer (flash cache) for sector @ 0x00002700 if necessary
T4E5C 84959:358.634    -- Filling invalid ranges in sector buffer (flash cache) for sector @ 0x00002800 if necessary
T4E5C 84959:358.643    -- Filling invalid ranges in sector buffer (flash cache) for sector @ 0x00002900 if necessary
T4E5C 84959:358.652    -- Filling invalid ranges in sector buffer (flash cache) for sector @ 0x00002A00 if necessary
T4E5C 84959:358.662    -- Filling invalid ranges in sector buffer (flash cache) for sector @ 0x00002B00 if necessary
T4E5C 84959:358.671    -- Filling invalid ranges in sector buffer (flash cache) for sector @ 0x00002C00 if necessary
T4E5C 84959:358.680    -- Filling invalid ranges in sector buffer (flash cache) for sector @ 0x00002D00 if necessary
T4E5C 84959:358.689    -- Filling invalid ranges in sector buffer (flash cache) for sector @ 0x00002E00 if necessary
T4E5C 84959:358.701    -- Filling invalid ranges in sector buffer (flash cache) for sector @ 0x00002F00 if necessary
T4E5C 84959:358.710    -- Filling invalid ranges in sector buffer (flash cache) for sector @ 0x00003000 if necessary
T4E5C 84959:358.720    -- Filling invalid ranges in sector buffer (flash cache) for sector @ 0x00003100 if necessary
T4E5C 84959:358.730    -- Filling invalid ranges in sector buffer (flash cache) for sector @ 0x00003200 if necessary
T4E5C 84959:358.739    -- Filling invalid ranges in sector buffer (flash cache) for sector @ 0x00003300 if necessary
T4E5C 84959:358.748    -- Filling invalid ranges in sector buffer (flash cache) for sector @ 0x00003400 if necessary
T4E5C 84959:358.758    -- Filling invalid ranges in sector buffer (flash cache) for sector @ 0x00003500 if necessary
T4E5C 84959:358.768    -- Filling invalid ranges in sector buffer (flash cache) for sector @ 0x00003600 if necessary
T4E5C 84959:358.777    -- Filling invalid ranges in sector buffer (flash cache) for sector @ 0x00003700 if necessary
T4E5C 84959:358.787    -- Filling invalid ranges in sector buffer (flash cache) for sector @ 0x00003800 if necessary
T4E5C 84959:358.797    -- Filling invalid ranges in sector buffer (flash cache) for sector @ 0x00003900 if necessary
T4E5C 84959:358.807    -- Filling invalid ranges in sector buffer (flash cache) for sector @ 0x00003A00 if necessary
T4E5C 84959:358.816    -- Filling invalid ranges in sector buffer (flash cache) for sector @ 0x00003B00 if necessary
T4E5C 84959:358.826    -- Filling invalid ranges in sector buffer (flash cache) for sector @ 0x00003C00 if necessary
T4E5C 84959:358.835    -- Filling invalid ranges in sector buffer (flash cache) for sector @ 0x00003D00 if necessary
T4E5C 84959:358.847    -- Filling invalid ranges in sector buffer (flash cache) for sector @ 0x00003E00 if necessary
T4E5C 84959:358.856    -- Filling invalid ranges in sector buffer (flash cache) for sector @ 0x00003F00 if necessary
T4E5C 84959:358.865    -- Filling invalid ranges in sector buffer (flash cache) for sector @ 0x00004000 if necessary
T4E5C 84959:358.875    -- Filling invalid ranges in sector buffer (flash cache) for sector @ 0x00004100 if necessary
T4E5C 84959:358.884    -- Filling invalid ranges in sector buffer (flash cache) for sector @ 0x00004200 if necessary
T4E5C 84959:358.893    -- Filling invalid ranges in sector buffer (flash cache) for sector @ 0x00004300 if necessary
T4E5C 84959:358.902    -- Filling invalid ranges in sector buffer (flash cache) for sector @ 0x00004400 if necessary
T4E5C 84959:358.912    -- Filling invalid ranges in sector buffer (flash cache) for sector @ 0x00004500 if necessary
T4E5C 84959:358.921    -- Filling invalid ranges in sector buffer (flash cache) for sector @ 0x00004600 if necessary
T4E5C 84959:358.930    -- Filling invalid ranges in sector buffer (flash cache) for sector @ 0x00004700 if necessary
T4E5C 84959:358.939    -- Filling invalid ranges in sector buffer (flash cache) for sector @ 0x00004800 if necessary
T4E5C 84959:358.949    -- Filling invalid ranges in sector buffer (flash cache) for sector @ 0x00004900 if necessary
T4E5C 84959:358.958    -- Filling invalid ranges in sector buffer (flash cache) for sector @ 0x00004A00 if necessary
T4E5C 84959:358.967    -- Filling invalid ranges in sector buffer (flash cache) for sector @ 0x00004B00 if necessary
T4E5C 84959:358.976    -- Filling invalid ranges in sector buffer (flash cache) for sector @ 0x00004C00 if necessary
T4E5C 84959:358.986    -- Filling invalid ranges in sector buffer (flash cache) for sector @ 0x00004D00 if necessary
T4E5C 84959:358.995    -- Filling invalid ranges in sector buffer (flash cache) for sector @ 0x00004E00 if necessary
T4E5C 84959:359.004    -- Filling invalid ranges in sector buffer (flash cache) for sector @ 0x00004F00 if necessary
T4E5C 84959:359.013    -- Filling invalid ranges in sector buffer (flash cache) for sector @ 0x00005000 if necessary
T4E5C 84959:359.022    -- Filling invalid ranges in sector buffer (flash cache) for sector @ 0x00005100 if necessary
T4E5C 84959:359.031    -- Filling invalid ranges in sector buffer (flash cache) for sector @ 0x00005200 if necessary
T4E5C 84959:359.041    -- Filling invalid ranges in sector buffer (flash cache) for sector @ 0x00005300 if necessary
T4E5C 84959:359.050    -- Filling invalid ranges in sector buffer (flash cache) for sector @ 0x00005400 if necessary
T4E5C 84959:359.059    -- Filling invalid ranges in sector buffer (flash cache) for sector @ 0x00005500 if necessary
T4E5C 84959:359.069    -- Filling invalid ranges in sector buffer (flash cache) for sector @ 0x00005600 if necessary
T4E5C 84959:359.078    -- Filling invalid ranges in sector buffer (flash cache) for sector @ 0x00005700 if necessary
T4E5C 84959:359.087    -- Filling invalid ranges in sector buffer (flash cache) for sector @ 0x00005800 if necessary
T4E5C 84959:359.096    -- Filling invalid ranges in sector buffer (flash cache) for sector @ 0x00005900 if necessary
T4E5C 84959:359.106    -- Filling invalid ranges in sector buffer (flash cache) for sector @ 0x00005A00 if necessary
T4E5C 84959:359.115    -- Filling invalid ranges in sector buffer (flash cache) for sector @ 0x00005B00 if necessary
T4E5C 84959:359.124    -- Filling invalid ranges in sector buffer (flash cache) for sector @ 0x00005C00 if necessary
T4E5C 84959:359.133    -- Filling invalid ranges in sector buffer (flash cache) for sector @ 0x00005D00 if necessary
T4E5C 84959:359.142    -- Filling invalid ranges in sector buffer (flash cache) for sector @ 0x00005E00 if necessary
T4E5C 84959:359.154    -- Filling invalid ranges in sector buffer (flash cache) for sector @ 0x00005F00 if necessary
T4E5C 84959:359.185    -- Filling invalid ranges in sector buffer (flash cache) for sector @ 0x00006000 if necessary
T4E5C 84959:359.194    -- Filling invalid ranges in sector buffer (flash cache) for sector @ 0x00006100 if necessary
T4E5C 84959:359.203    -- Filling invalid ranges in sector buffer (flash cache) for sector @ 0x00006200 if necessary
T4E5C 84959:359.214    -- Filling invalid ranges in sector buffer (flash cache) for sector @ 0x00006300 if necessary
T4E5C 84959:359.223    -- Filling invalid ranges in sector buffer (flash cache) for sector @ 0x00006400 if necessary
T4E5C 84959:359.233    -- Filling invalid ranges in sector buffer (flash cache) for sector @ 0x00006500 if necessary
T4E5C 84959:359.243    -- Filling invalid ranges in sector buffer (flash cache) for sector @ 0x00006600 if necessary
T4E5C 84959:359.253    -- Filling invalid ranges in sector buffer (flash cache) for sector @ 0x00006700 if necessary
T4E5C 84959:359.265    -- Filling invalid ranges in sector buffer (flash cache) for sector @ 0x00006800 if necessary
T4E5C 84959:359.275    -- Filling invalid ranges in sector buffer (flash cache) for sector @ 0x00006900 if necessary
T4E5C 84959:359.286    -- Filling invalid ranges in sector buffer (flash cache) for sector @ 0x00006A00 if necessary
T4E5C 84959:359.295    -- Filling invalid ranges in sector buffer (flash cache) for sector @ 0x00006B00 if necessary
T4E5C 84959:359.305    -- Filling invalid ranges in sector buffer (flash cache) for sector @ 0x00006C00 if necessary
T4E5C 84959:359.314    -- Filling invalid ranges in sector buffer (flash cache) for sector @ 0x00006D00 if necessary
T4E5C 84959:359.324    -- Filling invalid ranges in sector buffer (flash cache) for sector @ 0x00006E00 if necessary
T4E5C 84959:359.338    -- Filling invalid ranges in sector buffer (flash cache) for sector @ 0x00006F00 if necessary
T4E5C 84959:359.348    -- Filling invalid ranges in sector buffer (flash cache) for sector @ 0x00007000 if necessary
T4E5C 84959:359.357    -- Filling invalid ranges in sector buffer (flash cache) for sector @ 0x00007100 if necessary
T4E5C 84959:359.366    -- Filling invalid ranges in sector buffer (flash cache) for sector @ 0x00007200 if necessary
T4E5C 84959:359.375    -- Filling invalid ranges in sector buffer (flash cache) for sector @ 0x00007300 if necessary
T4E5C 84959:359.385    -- Filling invalid ranges in sector buffer (flash cache) for sector @ 0x00007400 if necessary
T4E5C 84959:359.397    -- Filling invalid ranges in sector buffer (flash cache) for sector @ 0x00007500 if necessary
T4E5C 84959:359.407    -- Filling invalid ranges in sector buffer (flash cache) for sector @ 0x00007600 if necessary
T4E5C 84959:359.417    -- Filling invalid ranges in sector buffer (flash cache) for sector @ 0x00007700 if necessary
T4E5C 84959:359.426    -- Filling invalid ranges in sector buffer (flash cache) for sector @ 0x00007800 if necessary
T4E5C 84959:359.435    -- Filling invalid ranges in sector buffer (flash cache) for sector @ 0x00007900 if necessary
T4E5C 84959:359.444    -- Filling invalid ranges in sector buffer (flash cache) for sector @ 0x00007A00 if necessary
T4E5C 84959:359.454    -- Filling invalid ranges in sector buffer (flash cache) for sector @ 0x00007B00 if necessary
T4E5C 84959:359.463    -- Filling invalid ranges in sector buffer (flash cache) for sector @ 0x00007C00 if necessary
T4E5C 84959:359.472    -- Filling invalid ranges in sector buffer (flash cache) for sector @ 0x00007D00 if necessary
T4E5C 84959:359.481    -- Filling invalid ranges in sector buffer (flash cache) for sector @ 0x00007E00 if necessary
T4E5C 84959:359.491    -- Filling invalid ranges in sector buffer (flash cache) for sector @ 0x00007F00 if necessary
T4E5C 84959:359.500    -- Filling invalid ranges in sector buffer (flash cache) for sector @ 0x00008000 if necessary
T4E5C 84959:359.509    -- Filling invalid ranges in sector buffer (flash cache) for sector @ 0x00008100 if necessary
T4E5C 84959:359.518    -- Filling invalid ranges in sector buffer (flash cache) for sector @ 0x00008200 if necessary
T4E5C 84959:359.529    -- Filling invalid ranges in sector buffer (flash cache) for sector @ 0x00008300 if necessary
T4E5C 84959:359.538    -- Filling invalid ranges in sector buffer (flash cache) for sector @ 0x00008400 if necessary
T4E5C 84959:359.548    -- Filling invalid ranges in sector buffer (flash cache) for sector @ 0x00008500 if necessary
T4E5C 84959:359.557    -- Filling invalid ranges in sector buffer (flash cache) for sector @ 0x00008600 if necessary
T4E5C 84959:359.567    -- Filling invalid ranges in sector buffer (flash cache) for sector @ 0x00008700 if necessary
T4E5C 84959:359.576    -- Filling invalid ranges in sector buffer (flash cache) for sector @ 0x00008800 if necessary
T4E5C 84959:359.585    -- Filling invalid ranges in sector buffer (flash cache) for sector @ 0x00008900 if necessary
T4E5C 84959:359.595    -- Filling invalid ranges in sector buffer (flash cache) for sector @ 0x00008A00 if necessary
T4E5C 84959:359.604    -- Filling invalid ranges in sector buffer (flash cache) for sector @ 0x00008B00 if necessary
T4E5C 84959:359.614    -- Filling invalid ranges in sector buffer (flash cache) for sector @ 0x00008C00 if necessary
T4E5C 84959:359.624    -- Filling invalid ranges in sector buffer (flash cache) for sector @ 0x00008D00 if necessary
T4E5C 84959:359.634    -- Filling invalid ranges in sector buffer (flash cache) for sector @ 0x00008E00 if necessary
T4E5C 84959:359.643    -- Filling invalid ranges in sector buffer (flash cache) for sector @ 0x00008F00 if necessary
T4E5C 84959:359.653    -- Filling invalid ranges in sector buffer (flash cache) for sector @ 0x00009000 if necessary
T4E5C 84959:359.662    -- Filling invalid ranges in sector buffer (flash cache) for sector @ 0x00009100 if necessary
T4E5C 84959:359.672    -- Filling invalid ranges in sector buffer (flash cache) for sector @ 0x00009200 if necessary
T4E5C 84959:359.682    -- Filling invalid ranges in sector buffer (flash cache) for sector @ 0x00009300 if necessary
T4E5C 84959:359.691    -- Filling invalid ranges in sector buffer (flash cache) for sector @ 0x00009400 if necessary
T4E5C 84959:359.700    -- Filling invalid ranges in sector buffer (flash cache) for sector @ 0x00009500 if necessary
T4E5C 84959:359.710    -- Filling invalid ranges in sector buffer (flash cache) for sector @ 0x00009600 if necessary
T4E5C 84959:359.721    -- Filling invalid ranges in sector buffer (flash cache) for sector @ 0x00009700 if necessary
T4E5C 84959:359.730    -- Filling invalid ranges in sector buffer (flash cache) for sector @ 0x00009800 if necessary
T4E5C 84959:359.741    -- Filling invalid ranges in sector buffer (flash cache) for sector @ 0x00009900 if necessary
T4E5C 84959:359.750    -- Filling invalid ranges in sector buffer (flash cache) for sector @ 0x00009A00 if necessary
T4E5C 84959:359.759    -- Filling invalid ranges in sector buffer (flash cache) for sector @ 0x00009B00 if necessary
T4E5C 84959:359.769    -- Filling invalid ranges in sector buffer (flash cache) for sector @ 0x00009C00 if necessary
T4E5C 84959:359.778    -- Filling invalid ranges in sector buffer (flash cache) for sector @ 0x00009D00 if necessary
T4E5C 84959:359.787    -- Filling invalid ranges in sector buffer (flash cache) for sector @ 0x00009E00 if necessary
T4E5C 84959:359.797    -- Filling invalid ranges in sector buffer (flash cache) for sector @ 0x00009F00 if necessary
T4E5C 84959:359.806    -- Filling invalid ranges in sector buffer (flash cache) for sector @ 0x0000A000 if necessary
T4E5C 84959:359.815    -- Filling invalid ranges in sector buffer (flash cache) for sector @ 0x0000A100 if necessary
T4E5C 84959:359.825    -- Filling invalid ranges in sector buffer (flash cache) for sector @ 0x0000A200 if necessary
T4E5C 84959:359.834    -- Filling invalid ranges in sector buffer (flash cache) for sector @ 0x0000A300 if necessary
T4E5C 84959:359.843    -- Filling invalid ranges in sector buffer (flash cache) for sector @ 0x0000A400 if necessary
T4E5C 84959:359.852    -- Filling invalid ranges in sector buffer (flash cache) for sector @ 0x0000A500 if necessary
T4E5C 84959:359.863    -- Filling invalid ranges in sector buffer (flash cache) for sector @ 0x0000A600 if necessary
T4E5C 84959:359.872    -- Filling invalid ranges in sector buffer (flash cache) for sector @ 0x0000A700 if necessary
T4E5C 84959:359.881    -- Filling invalid ranges in sector buffer (flash cache) for sector @ 0x0000A800 if necessary
T4E5C 84959:359.890    -- Filling invalid ranges in sector buffer (flash cache) for sector @ 0x0000A900 if necessary
T4E5C 84959:359.900    -- Filling invalid ranges in sector buffer (flash cache) for sector @ 0x0000AA00 if necessary
T4E5C 84959:359.910    -- Filling invalid ranges in sector buffer (flash cache) for sector @ 0x0000AB00 if necessary
T4E5C 84959:359.919    -- Filling invalid ranges in sector buffer (flash cache) for sector @ 0x0000AC00 if necessary
T4E5C 84959:359.928    -- Filling invalid ranges in sector buffer (flash cache) for sector @ 0x0000AD00 if necessary
T4E5C 84959:359.937    -- Filling invalid ranges in sector buffer (flash cache) for sector @ 0x0000AE00 if necessary
T4E5C 84959:359.947    -- Filling invalid ranges in sector buffer (flash cache) for sector @ 0x0000AF00 if necessary
T4E5C 84959:359.956    -- Filling invalid ranges in sector buffer (flash cache) for sector @ 0x0000B000 if necessary
T4E5C 84959:359.965    -- Filling invalid ranges in sector buffer (flash cache) for sector @ 0x0000B100 if necessary
T4E5C 84959:359.975    -- Filling invalid ranges in sector buffer (flash cache) for sector @ 0x0000B200 if necessary
T4E5C 84959:359.984    -- Filling invalid ranges in sector buffer (flash cache) for sector @ 0x0000B300 if necessary
T4E5C 84959:359.993    -- Filling invalid ranges in sector buffer (flash cache) for sector @ 0x0000B400 if necessary
T4E5C 84959:360.002    -- Filling invalid ranges in sector buffer (flash cache) for sector @ 0x0000B500 if necessary
T4E5C 84959:360.011    -- Filling invalid ranges in sector buffer (flash cache) for sector @ 0x0000B600 if necessary
T4E5C 84959:360.021    -- Filling invalid ranges in sector buffer (flash cache) for sector @ 0x0000B700 if necessary
T4E5C 84959:360.030    -- Filling invalid ranges in sector buffer (flash cache) for sector @ 0x0000B800 if necessary
T4E5C 84959:360.039    -- Filling invalid ranges in sector buffer (flash cache) for sector @ 0x0000B900 if necessary
T4E5C 84959:360.048    -- Filling invalid ranges in sector buffer (flash cache) for sector @ 0x0000BA00 if necessary
T4E5C 84959:360.057    -- Filling invalid ranges in sector buffer (flash cache) for sector @ 0x0000BB00 if necessary
T4E5C 84959:360.067    -- Filling invalid ranges in sector buffer (flash cache) for sector @ 0x0000BC00 if necessary
T4E5C 84959:360.077    -- Filling invalid ranges in sector buffer (flash cache) for sector @ 0x0000BD00 if necessary
T4E5C 84959:360.087    -- Filling invalid ranges in sector buffer (flash cache) for sector @ 0x0000BE00 if necessary
T4E5C 84959:360.097    -- Filling invalid ranges in sector buffer (flash cache) for sector @ 0x0000BF00 if necessary
T4E5C 84959:360.112    -- Filling invalid ranges in sector buffer (flash cache) for sector @ 0x0000C000 if necessary
T4E5C 84959:360.121    -- Filling invalid ranges in sector buffer (flash cache) for sector @ 0x0000C100 if necessary
T4E5C 84959:360.131    -- Filling invalid ranges in sector buffer (flash cache) for sector @ 0x0000C200 if necessary
T4E5C 84959:360.141    -- Filling invalid ranges in sector buffer (flash cache) for sector @ 0x0000C300 if necessary
T4E5C 84959:360.150    -- Filling invalid ranges in sector buffer (flash cache) for sector @ 0x0000C400 if necessary
T4E5C 84959:360.160    -- Filling invalid ranges in sector buffer (flash cache) for sector @ 0x0000C500 if necessary
T4E5C 84959:360.169    -- Filling invalid ranges in sector buffer (flash cache) for sector @ 0x0000C600 if necessary
T4E5C 84959:360.179    -- Filling invalid ranges in sector buffer (flash cache) for sector @ 0x0000C700 if necessary
T4E5C 84959:360.190    -- Filling invalid ranges in sector buffer (flash cache) for sector @ 0x0000C800 if necessary
T4E5C 84959:360.200    -- Filling invalid ranges in sector buffer (flash cache) for sector @ 0x0000C900 if necessary
T4E5C 84959:360.210    -- Filling invalid ranges in sector buffer (flash cache) for sector @ 0x0000CA00 if necessary
T4E5C 84959:360.219    -- Filling invalid ranges in sector buffer (flash cache) for sector @ 0x0000CB00 if necessary
T4E5C 84959:360.229    -- Filling invalid ranges in sector buffer (flash cache) for sector @ 0x0000CC00 if necessary
T4E5C 84959:360.238    -- Filling invalid ranges in sector buffer (flash cache) for sector @ 0x0000CD00 if necessary
T4E5C 84959:360.248    -- Filling invalid ranges in sector buffer (flash cache) for sector @ 0x0000CE00 if necessary
T4E5C 84959:360.257    -- Filling invalid ranges in sector buffer (flash cache) for sector @ 0x0000CF00 if necessary
T4E5C 84959:360.269    -- Filling invalid ranges in sector buffer (flash cache) for sector @ 0x0000D000 if necessary
T4E5C 84959:360.278    -- Filling invalid ranges in sector buffer (flash cache) for sector @ 0x0000D100 if necessary
T4E5C 84959:360.288    -- Filling invalid ranges in sector buffer (flash cache) for sector @ 0x0000D200 if necessary
T4E5C 84959:360.297    -- Filling invalid ranges in sector buffer (flash cache) for sector @ 0x0000D300 if necessary
T4E5C 84959:360.306    -- Filling invalid ranges in sector buffer (flash cache) for sector @ 0x0000D400 if necessary
T4E5C 84959:360.315    -- Filling invalid ranges in sector buffer (flash cache) for sector @ 0x0000D500 if necessary
T4E5C 84959:360.373    -- End of determining dirty areas
T4E5C 84959:360.383    -- Start of preparing flash programming
T4E5C 84959:360.392    -- Calculating RAM usage
T4E5C 84959:360.407    -- RAM usage = 3908 Bytes
T4E5C 84959:360.417    -- Preserving CPU registers
T4E5C 84959:360.437    -- Preparing target
T4E5C 84959:360.446    -- Preserving target RAM temporarily used for programming
T4E5C 84959:381.254    -- Downloading RAMCode
T4E5C 84959:397.853    -- Preparing RAMCode
T4E5C 84959:404.020    -- End of preparing flash programming
T4E5C 84959:411.631    -- CPU speed could not be measured.
T4E5C 84959:411.657    -- Start of comparing flash
T4E5C 84959:411.667    -- CRC check was estimated as fastest method
T4E5C 84959:438.478    -- Comparing range 0x0000 - 0x7FFF (128 Sectors, 32 KB), using multi-block CRC calculation
T4E5C 84959:460.666    -- CRC does not match for sectors 0-127
T4E5C 84959:461.242    -- Comparing range 0x8000 - 0xD5FF (86 Sectors, 21 KB), using multi-block CRC calculation
T4E5C 84959:474.072    -- CRC does not match for sectors 0-85
T4E5C 84959:474.109    -- End of comparing flash
T4E5C 84959:474.125    -- Start of erasing sectors
T4E5C 84959:474.145    -- Erasing range 0x00000000 - 0x0000D5FF (214 Sectors, 53 KB)
T4E5C 84959:657.055    -- End of erasing sectors
T4E5C 84959:657.096    -- Start of flash programming
T4E5C 84959:657.121    -- Programming range 0x00000000 - 0x00007FFF (128 Sectors, 32 KB)
T4E5C 84959:936.637    -- Programming range 0x00008000 - 0x0000D5FF ( 86 Sectors, 21 KB)
T4E5C 84960:134.883    -- End of flash programming
T4E5C 84960:134.921    -- 0x0000 - 0xD5FF (214 Sectors, 53 KB)
T4E5C 84960:134.936    -- Start of restoring
T4E5C 84960:134.951    -- Restoring RAMCode
T4E5C 84960:148.584    -- Restoring target memory
T4E5C 84960:168.280    -- Restore target
T4E5C 84960:168.316    -- Restoring CPU registers
T4E5C 84960:168.350    -- End of restoring
T4E5C 84960:168.413    -- Bank 0 @ 0x00000000: 1 range affected (54784 bytes)
T4E5C 84960:168.446    -- Total: 0.807s (Prepare: 0.051s, Compare: 0.062s, Erase: 0.182s, Program & Verify: 0.486s, Restore: 0.024s)
T4E5C 84960:168.473    -- Program & Verify speed: 109 KB/s
T4E5C 84960:173.504 - 816.677ms returns 54784 (0xD600)
T4E5C 84960:174.155 JLINK_ResetPullsRESET(ON)
T4E5C 84960:174.184 - 0.029ms
T4E5C 84960:174.201 JLINK_ResetNoHalt()
T4E5C 84960:174.586   InitTarget() start
T4E5C 84960:174.697    J-Link Script File: Executing InitTarget()
T4E5C 84960:174.740   InitTarget()
T4E5C 84960:178.624   InitTarget() end - Took 3.88ms
T4E5C 84960:179.561   Found SW-DP with ID 0x0BC11477
T4E5C 84960:182.729   DPIDR: 0x0BC11477
T4E5C 84960:182.781   CoreSight SoC-400 or earlier
T4E5C 84960:182.825   AP map detection skipped. Manually configured AP map found.
T4E5C 84960:182.866   AP[0]: AHB-AP (IDR: Not set)
T4E5C 84960:184.218   AP[0]: Core found
T4E5C 84960:184.277   AP[0]: AHB-AP ROM base: 0x41003000
T4E5C 84960:184.936   CPUID register: 0x410CC601. Implementer code: 0x41 (ARM)
T4E5C 84960:184.988   Found Cortex-M0 r0p1, Little endian.
T4E5C 84960:185.356   -- Max. mem block: 0x00002860
T4E5C 84960:185.425   Cortex-M: The connected J-Link (S/N 801048352) uses an old firmware module: V1 (current is 2)
T4E5C 84960:185.450   CPU_ReadMem(4 bytes @ 0xE000EDF0)
T4E5C 84960:185.988   CPU_ReadMem(4 bytes @ 0xE0002000)
T4E5C 84960:186.513   FPUnit: 4 code (BP) slots and 0 literal slots
T4E5C 84960:186.538   CPU_ReadMem(4 bytes @ 0xE000EDFC)
T4E5C 84960:187.119   CPU_ReadMem(4 bytes @ 0xE0001000)
T4E5C 84960:187.741   CoreSight components:
T4E5C 84960:187.795   ROMTbl[0] @ 41003000
T4E5C 84960:187.823   CPU_ReadMem(64 bytes @ 0x41003000)
T4E5C 84960:188.712   CPU_ReadMem(32 bytes @ 0xE00FFFE0)
T4E5C 84960:189.432   [0][0]: E00FF000 CID B105100D PID 000BB4C0 ROM Table
T4E5C 84960:189.484   ROMTbl[1] @ E00FF000
T4E5C 84960:189.511   CPU_ReadMem(64 bytes @ 0xE00FF000)
T4E5C 84960:190.372   CPU_ReadMem(32 bytes @ 0xE000EFE0)
T4E5C 84960:191.127   [1][0]: E000E000 CID B105E00D PID 000BB008 SCS
T4E5C 84960:191.152   CPU_ReadMem(32 bytes @ 0xE0001FE0)
T4E5C 84960:191.829   [1][1]: E0001000 CID B105E00D PID 000BB00A DWT
T4E5C 84960:191.859   CPU_ReadMem(32 bytes @ 0xE0002FE0)
T4E5C 84960:192.586   [1][2]: E0002000 CID B105E00D PID 000BB00B FPB
T4E5C 84960:192.611   CPU_ReadMem(32 bytes @ 0x41006FE0)
T4E5C 84960:193.331   [0][1]: 41006000 CID B105900D PID 001BB932 MTB-M0+
T4E5C 84960:193.362   JLINK_Reset()
T4E5C 84960:193.376     CPU_ReadMem(4 bytes @ 0x20000000)
T4E5C 84960:193.931     CPU_WriteMem(4 bytes @ 0x20000000)
T4E5C 84960:194.480     ResetTarget() start
T4E5C 84960:194.503      J-Link Script File: Executing ResetTarget()
T4E5C 84960:195.018     CPU_ReadMem(4 bytes @ 0xE000EDFC)
T4E5C 84960:195.489     CPU_WriteMem(4 bytes @ 0xE000EDFC)
T4E5C 84960:195.983     CPU_WriteMem(4 bytes @ 0xE000ED0C)
T4E5C 84960:198.489     CPU_ReadMem(4 bytes @ 0xE000EDF0)
T4E5C 84960:199.132     CPU_ReadMem(4 bytes @ 0x41002100)
T4E5C 84960:199.706     CPU_WriteMem(4 bytes @ 0xE000EDFC)
T4E5C 84960:200.215     ResetTarget() end - Took 5.67ms
T4E5C 84960:204.342     CPU_WriteMem(4 bytes @ 0xE0002000)
T4E5C 84960:204.967     CPU_ReadMem(4 bytes @ 0xE000EDFC)
T4E5C 84960:205.548     CPU_ReadMem(4 bytes @ 0xE0001000)
T4E5C 84960:206.012     CPU_WriteMem(4 bytes @ 0xE0001000)
T4E5C 84960:206.544   - 13.182ms
T4E5C 84960:206.566   JLINK_Go()
T4E5C 84960:206.584     CPU_ReadMem(4 bytes @ 0xE0001000)
T4E5C 84960:207.113     CPU_WriteMem(4 bytes @ 0xE0001000)
T4E5C 84960:207.594     CPU_WriteMem(4 bytes @ 0xE0001004)
T4E5C 84960:208.869     Memory map 'after startup completion point' is active
T4E5C 84960:208.902   - 2.335ms
T4E5C 84960:208.917 - 34.716ms
T5510 84960:208.947 JLINK_EMU_GetList(InterfaceMask = 0x00000001, MaxInfos = 0x00000032) 
T5510 84960:210.747   [0]: USB, S/N: 801048352
T5510 84960:210.771 - 1.825ms returns 1
T5510 84960:210.849 JLINK_EMU_GetList(InterfaceMask = 0x00000002, MaxInfos = 0x00000032) 
T5510 84960:234.822 - 23.976ms returns 0
T4E5C 84960:234.868 JLINK_Close()
T4E5C 84960:250.362 - 15.493ms
T4E5C 84960:250.399   
T4E5C 84960:250.413   Closed
